VPR FPGA Placement and Routing.
Version: 8.1.0-dev+dadca7ecf
Revision: v8.0.0-rc2-2894-gdadca7ecf
Compiled: 2020-10-14T15:08:54
Compiler: GNU 7.3.0 on Linux-4.15.0-1028-gcp x86_64
Build Info: Release IPO VTR_ASSERT_LEVEL=2

University of Toronto
verilogtorouting.org
vtr-users@googlegroups.com
This is free open source code under MIT license.

VPR was run with the following command-line:
vpr /home/srikala/qorc-sdk/fpga_toolchain_install/v1.3.1/quicklogic-arch-defs/share/arch/ql-eos-s3_wlcsp/arch.timing.xml counter.eblif --device ql-eos-s3 --max_router_iterations 500 --routing_failure_predictor off --router_high_fanout_threshold -1 --constant_net_method route --route_chan_width 100 --clock_modeling route --place_delay_model delta_override --router_lookahead map --check_route quick --strict_checks off --allow_dangling_combinational_nodes on --disable_errors check_unbuffered_edges:check_route --congested_routing_iteration_threshold 0.8 --incremental_reroute_delay_ripup off --base_cost_type delay_normalized_length_bounded --bb_factor 10 --initial_pres_fac 4.0 --check_rr_graph off --suppress_warnings ,sum_pin_class:check_unbuffered_edges:load_rr_indexed_data_T_values:check_rr_node:trans_per_R:check_route:set_rr_graph_tool_comment:warn_model_missing_timing --read_rr_graph /home/srikala/qorc-sdk/fpga_toolchain_install/v1.3.1/quicklogic-arch-defs/share/arch/ql-eos-s3_wlcsp/rr_graph_ql-eos-s3_wlcsp.rr_graph.real.bin --read_placement_delay_lookup /home/srikala/qorc-sdk/fpga_toolchain_install/v1.3.1/quicklogic-arch-defs/share/arch/ql-eos-s3_wlcsp/rr_graph_ql-eos-s3_wlcsp.place_delay.bin --sdc_file /home/srikala/qorc-sdk/fpga-examples/counter/build/counter_dummy.sdc --fix_clusters counter_constraints.place --place

Using up to 1 parallel worker(s)

Architecture file: /home/srikala/qorc-sdk/fpga_toolchain_install/v1.3.1/quicklogic-arch-defs/share/arch/ql-eos-s3_wlcsp/arch.timing.xml
Circuit name: counter

# Loading Architecture Description
# Loading Architecture Description took 0.31 seconds (max_rss 31.1 MiB, delta_rss +24.8 MiB)
# Building complex block graph
# Building complex block graph took 0.06 seconds (max_rss 39.8 MiB, delta_rss +8.7 MiB)
# Load circuit
# Load circuit took 0.01 seconds (max_rss 41.7 MiB, delta_rss +1.9 MiB)
# Clean circuit
Absorbed 1214 LUT buffers
Inferred  106 additional primitive pins as constant generators since they have no combinationally connected inputs
Inferred   37 additional primitive pins as constant generators due to constant inputs
Inferred    0 additional primitive pins as constant generators since they have no combinationally connected inputs
Inferred    0 additional primitive pins as constant generators due to constant inputs
Inferred    0 additional primitive pins as constant generators since they have no combinationally connected inputs
Inferred    0 additional primitive pins as constant generators due to constant inputs
Swept input(s)      : 0
Swept output(s)     : 0 (0 dangling, 0 constant)
Swept net(s)        : 141
Swept block(s)      : 1
Constant Pins Marked: 143
# Clean circuit took 0.01 seconds (max_rss 44.2 MiB, delta_rss +2.5 MiB)
# Compress circuit
# Compress circuit took 0.00 seconds (max_rss 44.2 MiB, delta_rss +0.0 MiB)
# Verify circuit
# Verify circuit took 0.00 seconds (max_rss 44.2 MiB, delta_rss +0.0 MiB)
Circuit Statistics:
  Blocks: 166
    .output   :       7
    ASSP      :       1
    BIDIR_CELL:       7
    C_FRAG    :      15
    F_FRAG    :       1
    GND       :       1
    Q_FRAG    :      34
    T_FRAG    :      99
    VCC       :       1
  Nets  : 159
    Avg Fanout:     8.3
    Max Fanout:   550.0
    Min Fanout:     1.0
  Netlist Clocks: 1
# Build Timing Graph
  Timing Graph Nodes: 1477
  Timing Graph Edges: 2393
  Timing Graph Levels: 24
# Build Timing Graph took 0.00 seconds (max_rss 44.2 MiB, delta_rss +0.0 MiB)
Netlist contains 1 clocks
  Netlist Clock 'clk' Fanout: 34 pins (2.3%), 34 blocks (20.5%)
# Load Timing Constraints

SDC file '/home/srikala/qorc-sdk/fpga-examples/counter/build/counter_dummy.sdc' contained no SDC commands
Setting default timing constraints:
   * constrain all primay inputs and primary outputs on netlist clock 'clk'
   * optimize netlist clock to run as fast as possible
Timing constraints created 1 clocks
  Constrained Clock 'clk' Source: 'u_qlal4s3b_cell_macro.Sys_Clk0[0]'

# Load Timing Constraints took 0.00 seconds (max_rss 44.2 MiB, delta_rss +0.0 MiB)
Timing analysis: ON
Circuit netlist file: counter.net
Circuit placement file: counter.place
Circuit routing file: counter.route
Circuit SDC file: /home/srikala/qorc-sdk/fpga-examples/counter/build/counter_dummy.sdc

Packer: ENABLED
Placer: ENABLED
Router: DISABLED
Analysis: DISABLED

NetlistOpts.abosrb_buffer_luts            : true
NetlistOpts.sweep_dangling_primary_ios    : true
NetlistOpts.sweep_dangling_nets           : true
NetlistOpts.sweep_dangling_blocks         : true
NetlistOpts.sweep_constant_primary_outputs: false
NetlistOpts.netlist_verbosity             : 1
NetlistOpts.const_gen_inference           : COMB_SEQ

PackerOpts.allow_unrelated_clustering: auto
PackerOpts.alpha_clustering: 0.750000
PackerOpts.beta_clustering: 0.900000
PackerOpts.cluster_seed_type: BLEND2
PackerOpts.connection_driven: true
PackerOpts.global_clocks: true
PackerOpts.hill_climbing_flag: false
PackerOpts.inter_cluster_net_delay: 1.000000
PackerOpts.timing_driven: true
PackerOpts.target_external_pin_util: auto

PlacerOpts.place_freq: PLACE_ONCE
PlacerOpts.place_algorithm: CRITICALITY_TIMING_PLACE
PlacerOpts.pad_loc_type: FREE
PlacerOpts.constraints_file: Using constraints file 'counter_constraints.place'
PlacerOpts.place_cost_exp: 1.000000
PlacerOpts.place_chan_width: 100
PlacerOpts.inner_loop_recompute_divider: 0
PlacerOpts.recompute_crit_iter: 1
PlacerOpts.timing_tradeoff: 0.500000
PlacerOpts.td_place_exp_first: 1.000000
PlacerOpts.td_place_exp_last: 8.000000
PlacerOpts.delay_offset: 0.000000
PlacerOpts.delay_ramp_delta_threshold: -1
PlacerOpts.delay_ramp_slope: 0.000000
PlacerOpts.tsu_rel_margin: 1.000000
PlacerOpts.tsu_abs_margin: 0.000000
PlacerOpts.post_place_timing_report_file: 
PlacerOpts.allowed_tiles_for_delay_model: 
PlacerOpts.delay_model_reducer: MIN
PlacerOpts.delay_model_type: DELTA_OVERRIDE
PlacerOpts.rlim_escape_fraction: 0.000000
PlacerOpts.move_stats_file: 
PlacerOpts.placement_saves_per_temperature: 0
PlacerOpts.effort_scaling: CIRCUIT
PlacerOpts.place_delta_delay_matrix_calculation_method: ASTAR_ROUTE
PlaceOpts.seed: 1
AnnealSched.type: AUTO_SCHED
AnnealSched.inner_num: 1.000000

RoutingArch.directionality: BI_DIRECTIONAL
RoutingArch.switch_block_type: WILTON
RoutingArch.Fs: 3

# Load Packing
Begin loading packed FPGA netlist file.
Netlist generated from file 'counter.net'.
Detected 2 constant generators (to see names run with higher pack verbosity)
Finished loading packed FPGA netlist file (took 0.027851 seconds).
# Load Packing took 0.03 seconds (max_rss 45.8 MiB, delta_rss +1.7 MiB)
Warning 1: Netlist contains 0 global net to non-global architecture pin connections
Warning 2: Logic block #73 ($false) has only 1 output pin '$false.GND0_GND[0]'. It may be a constant generator.
Warning 3: Logic block #74 ($true) has only 1 output pin '$true.VCC0_VCC[0]'. It may be a constant generator.

Netlist num_nets: 121
Netlist num_blocks: 75
Netlist EMPTY blocks: 0.
Netlist PB-SYN_GND blocks: 1.
Netlist PB-BIDIR blocks: 7.
Netlist PB-ASSP blocks: 1.
Netlist PB-LOGIC blocks: 65.
Netlist PB-SDIOMUX blocks: 0.
Netlist PB-MULT blocks: 0.
Netlist PB-GMUX blocks: 0.
Netlist PB-CLOCK blocks: 0.
Netlist PB-RAM blocks: 0.
Netlist PB-SYN_VCC blocks: 1.
Netlist inputs pins: 0
Netlist output pins: 21


Pb types usage...
  PB-SYN_GND        : 1
   GND              : 1
  PB-BIDIR          : 7
   BIDIR            : 7
    OUTPUT          : 7
     bidir          : 7
     outpad         : 7
  PB-ASSP           : 1
   ASSP             : 1
  PB-LOGIC          : 65
   LOGIC            : 65
    FRAGS           : 65
     c_frag_modes   : 65
      SINGLE        : 15
       c_frag       : 15
      SPLIT         : 50
       b_frag       : 50
       t_frag       : 49
     f_frag         : 1
     q_frag_modes   : 34
      INT           : 31
       q_frag       : 31
      EXT           : 3
       q_frag       : 3
  PB-SYN_VCC        : 1
   VCC              : 1

# Create Device
## Build Device Grid
FPGA sized to 39 x 35: 1365 grid tiles (ql-eos-s3)

Resource usage...
	Netlist
		1	blocks of type: PB-SYN_GND
	Architecture
		1	blocks of type: TL-SYN_GND
	Netlist
		7	blocks of type: PB-BIDIR
	Architecture
		32	blocks of type: TL-BIDIR
	Netlist
		1	blocks of type: PB-ASSP
	Architecture
		1	blocks of type: TL-ASSP
	Netlist
		65	blocks of type: PB-LOGIC
	Architecture
		891	blocks of type: TL-LOGIC
	Netlist
		0	blocks of type: PB-SDIOMUX
	Architecture
		14	blocks of type: TL-SDIOMUX
	Netlist
		0	blocks of type: PB-MULT
	Architecture
		2	blocks of type: TL-MULT
	Netlist
		0	blocks of type: PB-GMUX
	Architecture
		5	blocks of type: TL-GMUX
	Netlist
		0	blocks of type: PB-CLOCK
	Architecture
		5	blocks of type: TL-CLOCK
	Netlist
		0	blocks of type: PB-RAM
	Architecture
		4	blocks of type: TL-RAM
	Netlist
		1	blocks of type: PB-SYN_VCC
	Architecture
		1	blocks of type: TL-SYN_VCC

Device Utilization: 0.05 (target 1.00)
	Physical Tile TL-LOGIC:
	Block Utilization: 0.07 Logical Block: PB-LOGIC
	Physical Tile TL-RAM:
	Block Utilization: 0.00 Logical Block: PB-RAM
	Physical Tile TL-MULT:
	Block Utilization: 0.00 Logical Block: PB-MULT
	Physical Tile TL-BIDIR:
	Block Utilization: 0.22 Logical Block: PB-BIDIR
	Physical Tile TL-CLOCK:
	Block Utilization: 0.00 Logical Block: PB-CLOCK
	Physical Tile TL-SDIOMUX:
	Block Utilization: 0.00 Logical Block: PB-SDIOMUX
	Physical Tile TL-GMUX:
	Block Utilization: 0.00 Logical Block: PB-GMUX
	Physical Tile TL-ASSP:
	Block Utilization: 1.00 Logical Block: PB-ASSP
	Physical Tile TL-SYN_VCC:
	Block Utilization: 1.00 Logical Block: PB-SYN_VCC
	Physical Tile TL-SYN_GND:
	Block Utilization: 1.00 Logical Block: PB-SYN_GND

## Build Device Grid took 0.00 seconds (max_rss 46.0 MiB, delta_rss +0.0 MiB)
## Loading routing resource graph


## Loading routing resource graph took 0.45 seconds (max_rss 352.8 MiB, delta_rss +306.7 MiB)
  RR Graph Nodes: 1396446
  RR Graph Edges: 2337988
# Create Device took 0.90 seconds (max_rss 357.5 MiB, delta_rss +311.5 MiB)

# Computing router lookahead map
## Computing wire lookahead
Warning 4: Unable to find any sample location for segment CHANX type 'generic' (length 1)
Warning 5: Unable to find any sample location for segment CHANY type 'generic' (length 1)
Warning 6: Unable to find any sample location for segment CHANX type 'pad' (length 1)
Warning 7: Unable to find any sample location for segment CHANY type 'pad' (length 1)
## Computing wire lookahead took 15.16 seconds (max_rss 357.5 MiB, delta_rss +0.0 MiB)
## Computing src/opin lookahead
## Computing src/opin lookahead took 0.00 seconds (max_rss 357.5 MiB, delta_rss +0.0 MiB)
# Computing router lookahead map took 15.16 seconds (max_rss 357.5 MiB, delta_rss +0.0 MiB)
# Placement
## Computing placement delta delay look-up
  RR Graph Nodes: 1396446
  RR Graph Edges: 2337988
## Computing placement delta delay look-up took 0.49 seconds (max_rss 405.5 MiB, delta_rss +48.0 MiB)
Warning 8: CHANX place cost fac is 0 at 2 2
Warning 9: CHANX place cost fac is 0 at 34 34
Warning 10: CHANY place cost fac is 0 at 38 38
## Initial Placement
Reading counter_constraints.place.

Successfully read counter_constraints.place.

## Initial Placement took 0.00 seconds (max_rss 405.5 MiB, delta_rss +0.0 MiB)

There are 1231 point to point connections in this circuit.


BB estimate of min-dist (placement) wire length: 5329

Completed placement consistency check successfully.
Initial placement cost: 1 bb_cost: 7.8834 td_cost: 1.94103e-06
Initial placement estimated Critical Path Delay (CPD): 125.98 ns
Initial placement estimated setup Total Negative Slack (sTNS): -4176.22 ns
Initial placement estimated setup Worst Negative Slack (sWNS): -125.98 ns

Initial placement estimated setup slack histogram:
[ -1.3e-07: -1.1e-07)  2 (  4.3%) |*****
[ -1.1e-07:   -1e-07) 21 ( 45.7%) |************************************************
[   -1e-07:   -9e-08) 13 ( 28.3%) |******************************
[   -9e-08: -7.8e-08)  3 (  6.5%) |*******
[ -7.8e-08: -6.6e-08)  0 (  0.0%) |
[ -6.6e-08: -5.4e-08)  0 (  0.0%) |
[ -5.4e-08: -4.2e-08)  0 (  0.0%) |
[ -4.2e-08:   -3e-08)  1 (  2.2%) |**
[   -3e-08: -1.7e-08)  4 (  8.7%) |*********
[ -1.7e-08: -5.4e-09)  2 (  4.3%) |*****
Placement contains 0 placement macros involving 0 blocks (average macro size -nan)

Moves per temperature: 316
Warning 11: Starting t: 70 of 75 configurations accepted.

---- ------ ------- ------- ---------- ---------- ------- ---------- -------- ------- ------- ------ -------- --------- ------
Tnum   Time       T Av Cost Av BB Cost Av TD Cost     CPD       sTNS     sWNS Ac Rate Std Dev  R lim Crit Exp Tot Moves  Alpha
      (sec)                                          (ns)       (ns)     (ns)                                                 
---- ------ ------- ------- ---------- ---------- ------- ---------- -------- ------- ------- ------ -------- --------- ------
   1    0.0 3.9e-01   0.937       7.81 1.8045e-06 127.817  -4.21e+03 -127.817   0.934  0.0341   38.0     1.00       316  0.200
   2    0.0 3.5e-01   1.068       8.18 2.1245e-06 108.987  -3.93e+03 -108.987   0.937  0.0320   38.0     1.00       632  0.900
   3    0.0 3.2e-01   0.948       7.96 2.0426e-06 117.489  -4.06e+03 -117.489   0.937  0.0255   38.0     1.00       948  0.900
   4    0.0 2.8e-01   1.013       7.86 1.8779e-06 122.150  -4.25e+03 -122.150   0.930  0.0257   38.0     1.00      1264  0.900
   5    0.0 2.6e-01   1.022       7.96 1.9166e-06 116.389  -4.09e+03 -116.389   0.940  0.0237   38.0     1.00      1580  0.900
   6    0.0 2.3e-01   0.978       7.96 1.9066e-06 124.202  -4.23e+03 -124.202   0.962  0.0136   38.0     1.00      1896  0.900
   7    0.0 1.1e-01   0.982       7.94 1.8932e-06 119.412  -4.07e+03 -119.412   0.953  0.0251   38.0     1.00      2212  0.500
   8    0.0 1.0e-01   0.986       7.99 1.9671e-06 111.992  -3.94e+03 -111.992   0.927  0.0164   38.0     1.00      2528  0.900
   9    0.0 9.3e-02   0.966       7.90 1.9655e-06 104.847  -3.54e+03 -104.847   0.937  0.0312   38.0     1.00      2844  0.900
  10    0.0 8.4e-02   0.975       8.18 2.0037e-06 120.678   -4.3e+03 -120.678   0.934  0.0168   38.0     1.00      3160  0.900
  11    0.0 7.5e-02   0.954       8.04 1.9073e-06 125.371  -4.23e+03 -125.371   0.908  0.0258   38.0     1.00      3476  0.900
  12    0.0 6.8e-02   0.979       8.08 1.9479e-06 122.848   -4.2e+03 -122.848   0.940  0.0229   38.0     1.00      3792  0.900
  13    0.0 6.1e-02   0.981       8.12 1.9618e-06 123.804  -4.33e+03 -123.804   0.943  0.0277   38.0     1.00      4108  0.900
  14    0.0 5.5e-02   1.022       7.94 1.9244e-06 108.101  -3.88e+03 -108.101   0.905  0.0280   38.0     1.00      4424  0.900
  15    0.0 4.9e-02   0.977       7.83 1.9679e-06 114.644  -4.05e+03 -114.644   0.921  0.0188   38.0     1.00      4740  0.900
  16    0.0 4.5e-02   0.977       7.52 1.867e-06  113.327  -3.85e+03 -113.327   0.892  0.0330   38.0     1.00      5056  0.900
  17    0.0 4.0e-02   1.096       7.70 1.8668e-06 107.754  -3.77e+03 -107.754   0.880  0.0437   38.0     1.00      5372  0.900
  18    0.0 3.6e-02   1.034       7.65 1.9005e-06 107.145   -3.6e+03 -107.145   0.851  0.0306   38.0     1.00      5688  0.900
  19    0.0 3.2e-02   0.962       7.78 1.8531e-06 118.596  -3.97e+03 -118.596   0.880  0.0271   38.0     1.00      6004  0.900
  20    0.0 2.9e-02   0.993       7.95 1.934e-06  114.835  -4.24e+03 -114.835   0.867  0.0197   38.0     1.00      6320  0.900
  21    0.0 2.6e-02   1.007       7.91 1.8503e-06 118.283  -4.09e+03 -118.283   0.892  0.0184   38.0     1.00      6636  0.900
  22    0.0 2.4e-02   0.962       7.55 1.7976e-06 116.523  -3.84e+03 -116.523   0.854  0.0285   38.0     1.00      6952  0.900
  23    0.0 2.1e-02   1.026       7.59 2.0058e-06  96.297  -3.41e+03  -96.297   0.858  0.0259   38.0     1.00      7268  0.900
  24    0.0 1.9e-02   0.986       7.49 1.8331e-06 108.496  -3.88e+03 -108.496   0.880  0.0147   38.0     1.00      7584  0.900
  25    0.0 1.7e-02   0.983       7.37 1.8717e-06  98.272  -3.44e+03  -98.272   0.801  0.0218   38.0     1.00      7900  0.900
  26    0.0 1.6e-02   1.033       7.80 1.9972e-06 102.871  -3.63e+03 -102.871   0.829  0.0236   38.0     1.00      8216  0.900
  27    0.0 1.4e-02   0.941       7.38 1.8243e-06 115.422  -4.03e+03 -115.422   0.820  0.0238   38.0     1.00      8532  0.900
  28    0.0 1.3e-02   1.035       7.39 1.9281e-06  95.383  -3.38e+03  -95.383   0.734  0.0183   38.0     1.00      8848  0.900
  29    0.0 1.2e-02   0.964       7.44 1.7408e-06 116.401  -4.14e+03 -116.401   0.753  0.0218   38.0     1.00      9164  0.950
  30    0.0 1.1e-02   1.053       7.50 1.7996e-06 114.044  -3.95e+03 -114.044   0.715  0.0275   38.0     1.00      9480  0.950
  31    0.0 1.1e-02   0.960       7.41 1.7654e-06 114.854  -3.98e+03 -114.854   0.718  0.0271   38.0     1.00      9796  0.950
  32    0.0 1.0e-02   1.017       7.12 1.7558e-06 103.778   -3.7e+03 -103.778   0.642  0.0141   38.0     1.00     10112  0.950
  33    0.0 9.7e-03   1.004       7.04 1.7528e-06 101.013  -3.33e+03 -101.013   0.693  0.0248   38.0     1.00     10428  0.950
  34    0.0 9.2e-03   1.003       7.07 1.7415e-06 109.458  -3.78e+03 -109.458   0.658  0.0222   38.0     1.00     10744  0.950
  35    0.0 8.8e-03   0.963       7.08 1.7128e-06 102.753   -3.7e+03 -102.753   0.668  0.0282   38.0     1.00     11060  0.950
  36    0.0 8.3e-03   1.058       7.40 1.8442e-06  93.994  -3.42e+03  -93.994   0.677  0.0271   38.0     1.00     11376  0.950
  37    0.0 7.9e-03   0.966       6.96 1.74e-06    93.831  -3.41e+03  -93.831   0.630  0.0274   38.0     1.00     11692  0.950
  38    0.0 7.5e-03   1.019       6.60 1.7219e-06  92.235  -3.36e+03  -92.235   0.582  0.0161   38.0     1.00     12008  0.950
  39    0.0 7.2e-03   0.989       6.87 1.7191e-06 100.152  -3.55e+03 -100.152   0.579  0.0264   38.0     1.00     12324  0.950
  40    0.0 6.8e-03   0.944       6.74 1.6415e-06 102.108  -3.64e+03 -102.108   0.563  0.0302   38.0     1.00     12640  0.950
  41    0.0 6.5e-03   1.029       6.75 1.7374e-06  90.037  -3.27e+03  -90.037   0.541  0.0279   38.0     1.00     12956  0.950
  42    0.0 6.1e-03   0.988       6.51 1.6113e-06 102.798  -3.69e+03 -102.798   0.513  0.0135   38.0     1.00     13272  0.950
  43    0.0 5.8e-03   1.037       6.64 1.7625e-06  89.378  -3.26e+03  -89.378   0.500  0.0236   38.0     1.00     13588  0.950
  44    0.0 5.5e-03   1.003       6.41 1.6569e-06  97.553  -3.44e+03  -97.553   0.487  0.0257   38.0     1.00     13904  0.950
  45    0.0 5.3e-03   1.019       6.56 1.6807e-06  94.281  -3.37e+03  -94.281   0.472  0.0133   38.0     1.00     14220  0.950
  46    0.0 5.0e-03   0.938       6.19 1.5648e-06  95.807  -3.37e+03  -95.807   0.494  0.0246   38.0     1.00     14536  0.950
  47    0.0 4.7e-03   0.977       5.82 1.5605e-06  99.489   -3.5e+03  -99.489   0.418  0.0145   38.0     1.00     14852  0.950
  48    0.0 4.5e-03   0.960       5.43 1.4882e-06  85.426  -3.21e+03  -85.426   0.282  0.0150   37.2     1.16     15168  0.950
  49    0.0 4.3e-03   0.996       5.46 1.1284e-06  86.513  -3.13e+03  -86.513   0.367  0.0149   31.3     2.27     15484  0.950
  50    0.0 4.1e-03   0.963       5.67 9.2221e-07  98.405  -3.41e+03  -98.405   0.313  0.0202   29.0     2.70     15800  0.950
  51    0.0 3.9e-03   0.967       5.24 7.4473e-07  93.857  -3.15e+03  -93.857   0.244  0.0093   25.3     3.40     16116  0.950
  52    0.0 3.7e-03   1.020       5.21 7.1752e-07  83.450  -2.94e+03  -83.450   0.313  0.0143   20.3     4.34     16432  0.950
  53    0.0 3.5e-03   0.959       5.30 6.8262e-07  86.412  -3.15e+03  -86.412   0.335  0.0148   17.8     4.83     16748  0.950
  54    0.0 3.3e-03   0.951       5.08 7.5101e-07  74.212  -2.74e+03  -74.212   0.297  0.0151   15.9     5.18     17064  0.950
  55    0.0 3.1e-03   0.956       4.80 6.2819e-07  72.757  -2.65e+03  -72.757   0.294  0.0255   13.6     5.61     17380  0.950
  56    0.0 3.0e-03   0.966       4.43 6.1712e-07  71.894  -2.67e+03  -71.894   0.288  0.0220   11.7     5.98     17696  0.950
  57    0.0 2.8e-03   1.001       4.37 5.3631e-07  73.543  -2.61e+03  -73.543   0.342  0.0087    9.9     6.32     18012  0.950
  58    0.0 2.7e-03   0.979       4.39 5.6452e-07  74.586  -2.72e+03  -74.586   0.332  0.0123    8.9     6.50     18328  0.950
  59    0.0 2.6e-03   0.990       4.28 6.3592e-07  68.144  -2.56e+03  -68.144   0.320  0.0141    8.0     6.68     18644  0.950
  60    0.0 2.4e-03   0.984       4.34 5.2675e-07  75.255  -2.73e+03  -75.255   0.408  0.0148    7.0     6.87     18960  0.950
  61    0.0 2.3e-03   0.960       4.02 5.7799e-07  69.366  -2.58e+03  -69.366   0.288  0.0163    6.8     6.91     19276  0.950
  62    0.0 2.2e-03   1.011       3.93 5.6713e-07  66.469  -2.51e+03  -66.469   0.326  0.0052    5.7     7.10     19592  0.950
  63    0.0 2.1e-03   0.974       3.85 4.6183e-07  70.302  -2.58e+03  -70.302   0.345  0.0222    5.1     7.23     19908  0.950
  64    0.0 2.0e-03   0.982       3.80 5.2318e-07  65.206  -2.42e+03  -65.206   0.373  0.0075    4.6     7.32     20224  0.950
  65    0.0 1.9e-03   0.996       3.83 4.7624e-07  65.573  -2.42e+03  -65.573   0.380  0.0047    4.3     7.38     20540  0.950
  66    0.0 1.8e-03   0.964       3.63 5.0327e-07  65.136  -2.42e+03  -65.136   0.323  0.0113    4.0     7.43     20856  0.950
  67    0.0 1.7e-03   0.993       3.63 5.3512e-07  62.055  -2.29e+03  -62.055   0.323  0.0059    3.6     7.51     21172  0.950
  68    0.0 1.6e-03   0.968       3.48 4.9189e-07  63.163  -2.34e+03  -63.163   0.389  0.0193    3.1     7.59     21488  0.950
  69    0.0 1.5e-03   0.977       3.33 4.6799e-07  63.400  -2.37e+03  -63.400   0.370  0.0110    3.0     7.62     21804  0.950
  70    0.0 1.5e-03   1.015       3.35 3.7166e-07  65.985  -2.33e+03  -65.985   0.348  0.0136    2.8     7.66     22120  0.950
  71    0.0 1.4e-03   0.967       3.37 2.905e-07   72.606  -2.51e+03  -72.606   0.399  0.0192    2.5     7.71     22436  0.950
  72    0.0 1.3e-03   0.988       3.32 4.2492e-07  59.758  -2.12e+03  -59.758   0.275  0.0069    2.4     7.73     22752  0.950
  73    0.0 1.3e-03   1.003       3.28 4.6617e-07  59.797  -2.18e+03  -59.797   0.304  0.0039    2.0     7.81     23068  0.950
  74    0.0 1.2e-03   0.989       3.25 4.1473e-07  62.009  -2.23e+03  -62.009   0.411  0.0067    1.7     7.86     23384  0.950
  75    0.0 1.1e-03   0.999       3.24 4.3862e-07  60.885  -2.22e+03  -60.885   0.399  0.0025    1.7     7.87     23700  0.950
  76    0.0 1.1e-03   0.997       3.23 4.3603e-07  59.410  -2.15e+03  -59.410   0.399  0.0067    1.6     7.88     24016  0.950
  77    0.0 1.0e-03   0.993       3.17 4.4587e-07  59.504  -2.19e+03  -59.504   0.335  0.0042    1.6     7.89     24332  0.950
  78    0.0 9.7e-04   0.990       3.16 3.7052e-07  62.754  -2.24e+03  -62.754   0.396  0.0064    1.4     7.93     24648  0.950
  79    0.0 9.2e-04   0.994       3.13 4.4944e-07  59.197  -2.19e+03  -59.197   0.313  0.0031    1.3     7.94     24964  0.950
  80    0.0 8.7e-04   0.992       3.13 4.0888e-07  59.310  -2.16e+03  -59.310   0.288  0.0035    1.2     7.97     25280  0.950
  81    0.0 8.3e-04   0.987       3.09 4.2153e-07  58.026  -2.13e+03  -58.026   0.288  0.0049    1.0     8.00     25596  0.950
  82    0.0 7.9e-04   1.001       3.09 4.3506e-07  55.817  -2.04e+03  -55.817   0.288  0.0029    1.0     8.00     25912  0.950
  83    0.0 7.5e-04   0.998       3.08 4.6409e-07  56.840  -2.13e+03  -56.840   0.256  0.0029    1.0     8.00     26228  0.950
  84    0.0 7.1e-04   0.993       3.07 4.7491e-07  54.830  -2.06e+03  -54.830   0.266  0.0055    1.0     8.00     26544  0.950
  85    0.0 6.8e-04   0.996       3.06 4.0921e-07  57.351   -2.1e+03  -57.351   0.206  0.0022    1.0     8.00     26860  0.950
  86    0.0 6.4e-04   0.994       3.02 4.289e-07   57.870  -2.15e+03  -57.870   0.196  0.0023    1.0     8.00     27176  0.950
  87    0.0 6.1e-04   0.991       2.97 4.3613e-07  56.500  -2.08e+03  -56.500   0.187  0.0044    1.0     8.00     27492  0.950
  88    0.0 5.8e-04   0.992       2.93 3.6887e-07  58.462   -2.1e+03  -58.462   0.142  0.0034    1.0     8.00     27808  0.950
  89    0.0 4.6e-04   0.997       2.94 3.4485e-07  56.273  -1.98e+03  -56.273   0.108  0.0025    1.0     8.00     28124  0.800
  90    0.0 3.7e-04   0.999       2.95 3.6528e-07  55.503  -1.98e+03  -55.503   0.149  0.0025    1.0     8.00     28440  0.800
  91    0.0 3.0e-04   0.997       2.92 3.7318e-07  55.503     -2e+03  -55.503   0.073  0.0026    1.0     8.00     28756  0.800
  92    0.0 2.4e-04   0.997       2.89 3.4013e-07  55.943  -1.99e+03  -55.943   0.047  0.0018    1.0     8.00     29072  0.800
  93    0.0 1.9e-04   0.997       2.88 3.4401e-07  55.760  -1.99e+03  -55.760   0.063  0.0016    1.0     8.00     29388  0.800
  94    0.0 1.5e-04   0.999       2.87 3.3467e-07  55.760  -1.97e+03  -55.760   0.025  0.0006    1.0     8.00     29704  0.800
  95    0.0 1.2e-04   1.000       2.87 3.3361e-07  55.760  -1.97e+03  -55.760   0.041  0.0005    1.0     8.00     30020  0.800
  96    0.0 9.7e-05   0.999       2.86 3.3559e-07  55.760  -1.98e+03  -55.760   0.019  0.0002    1.0     8.00     30336  0.800
  97    0.0 7.8e-05   0.999       2.85 3.3392e-07  55.760  -1.98e+03  -55.760   0.038  0.0006    1.0     8.00     30652  0.800
  98    0.0 6.2e-05   1.000       2.85 3.6527e-07  55.760  -2.02e+03  -55.760   0.019  0.0002    1.0     8.00     30968  0.800
  99    0.0 5.0e-05   1.000       2.85 3.6549e-07  55.760  -2.02e+03  -55.760   0.006  0.0001    1.0     8.00     31284  0.800
 100    0.0 0.0e+00   1.000       2.85 3.6521e-07  55.760  -2.02e+03  -55.760   0.006  0.0003    1.0     8.00     31600  0.800
## Placement Quench took 0.00 seconds (max_rss 405.5 MiB)

BB estimate of min-dist (placement) wire length: 1821

Completed placement consistency check successfully.

Swaps called: 31675

Aborted Move Reasons:
  No moves aborted

Placement estimated critical path delay (least slack): 55.7597 ns, Fmax: 17.9341 MHz
Placement estimated setup Worst Negative Slack (sWNS): -55.7597 ns
Placement estimated setup Total Negative Slack (sTNS): -2019.07 ns

Placement estimated setup slack histogram:
[ -5.6e-08: -5.1e-08) 14 ( 30.4%) |***************************
[ -5.1e-08: -4.6e-08) 25 ( 54.3%) |************************************************
[ -4.6e-08: -4.1e-08)  0 (  0.0%) |
[ -4.1e-08: -3.6e-08)  0 (  0.0%) |
[ -3.6e-08: -3.1e-08)  0 (  0.0%) |
[ -3.1e-08: -2.6e-08)  0 (  0.0%) |
[ -2.6e-08: -2.1e-08)  0 (  0.0%) |
[ -2.1e-08: -1.6e-08)  0 (  0.0%) |
[ -1.6e-08: -1.2e-08)  2 (  4.3%) |****
[ -1.2e-08: -6.6e-09)  5 ( 10.9%) |**********

Placement estimated geomean non-virtual intra-domain period: 55.7597 ns (17.9341 MHz)
Placement estimated fanout-weighted geomean non-virtual intra-domain period: 55.7597 ns (17.9341 MHz)

Placement cost: 0.999357, bb_cost: 2.85169, td_cost: 3.65835e-07, 

Placement resource usage:
  PB-SYN_GND implemented as TL-SYN_GND: 1
  PB-BIDIR   implemented as TL-BIDIR  : 7
  PB-ASSP    implemented as TL-ASSP   : 1
  PB-LOGIC   implemented as TL-LOGIC  : 65
  PB-SYN_VCC implemented as TL-SYN_VCC: 1

Placement number of temperatures: 100
Placement total # of swap attempts: 31675
	Swaps accepted: 15836 (50.0 %)
	Swaps rejected: 14435 (45.6 %)
	Swaps aborted :  1404 ( 4.4 %)
Placement Quench timing analysis took 0.000233895 seconds (0.000191068 STA, 4.2827e-05 slack) (1 full updates: 1 setup, 0 hold, 0 combined).
Placement Total  timing analysis took 0.0266213 seconds (0.0210645 STA, 0.00555682 slack) (102 full updates: 102 setup, 0 hold, 0 combined).
update_td_costs: connections 0 nets 0 sum_nets 0 total 0
Incr Slack updates 102 in 0.00197681 sec
Full Max Req/Worst Slack updates 79 in 0.000187617 sec
Incr Max Req/Worst Slack updates 23 in 5.5558e-05 sec
Incr Criticality updates 9 in 0.000192998 sec
Full Criticality updates 93 in 0.00275312 sec
# Placement took 0.59 seconds (max_rss 405.5 MiB, delta_rss +48.0 MiB)

Flow timing analysis took 0.0266213 seconds (0.0210645 STA, 0.00555682 slack) (102 full updates: 102 setup, 0 hold, 0 combined).
VPR succeeded
The entire flow of VPR took 17.08 seconds (max_rss 405.5 MiB)
