VPR FPGA Placement and Routing.
Version: 8.1.0-dev+dadca7ecf
Revision: v8.0.0-rc2-2894-gdadca7ecf
Compiled: 2020-10-14T15:08:54
Compiler: GNU 7.3.0 on Linux-4.15.0-1028-gcp x86_64
Build Info: Release IPO VTR_ASSERT_LEVEL=2

University of Toronto
verilogtorouting.org
vtr-users@googlegroups.com
This is free open source code under MIT license.

VPR was run with the following command-line:
vpr /home/srikala/qorc-sdk/fpga_toolchain_install/v1.3.1/quicklogic-arch-defs/share/arch/ql-eos-s3_wlcsp/arch.timing.xml boolean.eblif --device ql-eos-s3 --max_router_iterations 500 --routing_failure_predictor off --router_high_fanout_threshold -1 --constant_net_method route --route_chan_width 100 --clock_modeling route --place_delay_model delta_override --router_lookahead map --check_route quick --strict_checks off --allow_dangling_combinational_nodes on --disable_errors check_unbuffered_edges:check_route --congested_routing_iteration_threshold 0.8 --incremental_reroute_delay_ripup off --base_cost_type delay_normalized_length_bounded --bb_factor 10 --initial_pres_fac 4.0 --check_rr_graph off --suppress_warnings ,sum_pin_class:check_unbuffered_edges:load_rr_indexed_data_T_values:check_rr_node:trans_per_R:check_route:set_rr_graph_tool_comment:warn_model_missing_timing --read_rr_graph /home/srikala/qorc-sdk/fpga_toolchain_install/v1.3.1/quicklogic-arch-defs/share/arch/ql-eos-s3_wlcsp/rr_graph_ql-eos-s3_wlcsp.rr_graph.real.bin --read_placement_delay_lookup /home/srikala/qorc-sdk/fpga_toolchain_install/v1.3.1/quicklogic-arch-defs/share/arch/ql-eos-s3_wlcsp/rr_graph_ql-eos-s3_wlcsp.place_delay.bin --sdc_file /home/srikala/qorc-sdk/fpga-examples/boolean/build/boolean_dummy.sdc --fix_clusters boolean_constraints.place --place

Using up to 1 parallel worker(s)

Architecture file: /home/srikala/qorc-sdk/fpga_toolchain_install/v1.3.1/quicklogic-arch-defs/share/arch/ql-eos-s3_wlcsp/arch.timing.xml
Circuit name: boolean

# Loading Architecture Description
# Loading Architecture Description took 0.31 seconds (max_rss 30.9 MiB, delta_rss +24.7 MiB)
# Building complex block graph
# Building complex block graph took 0.06 seconds (max_rss 39.6 MiB, delta_rss +8.7 MiB)
# Load circuit
# Load circuit took 0.00 seconds (max_rss 39.6 MiB, delta_rss +0.0 MiB)
# Clean circuit
Absorbed 122 LUT buffers
Inferred    3 additional primitive pins as constant generators since they have no combinationally connected inputs
Inferred    0 additional primitive pins as constant generators due to constant inputs
Inferred    0 additional primitive pins as constant generators since they have no combinationally connected inputs
Inferred    0 additional primitive pins as constant generators due to constant inputs
Inferred    0 additional primitive pins as constant generators since they have no combinationally connected inputs
Inferred    0 additional primitive pins as constant generators due to constant inputs
Swept input(s)      : 0
Swept output(s)     : 0 (0 dangling, 0 constant)
Swept net(s)        : 1
Swept block(s)      : 1
Constant Pins Marked: 3
# Clean circuit took 0.00 seconds (max_rss 39.6 MiB, delta_rss +0.0 MiB)
# Compress circuit
# Compress circuit took 0.00 seconds (max_rss 39.6 MiB, delta_rss +0.0 MiB)
# Verify circuit
# Verify circuit took 0.00 seconds (max_rss 39.6 MiB, delta_rss +0.0 MiB)
Circuit Statistics:
  Blocks: 31
    .input    :       4
    .output   :       7
    BIDIR_CELL:      11
    C_FRAG    :       7
    GND       :       1
    VCC       :       1
  Nets  : 24
    Avg Fanout:     5.5
    Max Fanout:    48.0
    Min Fanout:     1.0
  Netlist Clocks: 0
# Build Timing Graph
  Timing Graph Nodes: 155
  Timing Graph Edges: 244
  Timing Graph Levels: 8
# Build Timing Graph took 0.00 seconds (max_rss 39.6 MiB, delta_rss +0.0 MiB)
Netlist contains 0 clocks
# Load Timing Constraints

SDC file '/home/srikala/qorc-sdk/fpga-examples/boolean/build/boolean_dummy.sdc' contained no SDC commands
Setting default timing constraints:
   * constrain all primay inputs and primary outputs on a virtual external clock 'virtual_io_clock'
   * optimize virtual clock to run as fast as possible
Timing constraints created 1 clocks
  Constrained Clock 'virtual_io_clock' (Virtual Clock)

# Load Timing Constraints took 0.00 seconds (max_rss 39.6 MiB, delta_rss +0.0 MiB)
Timing analysis: ON
Circuit netlist file: boolean.net
Circuit placement file: boolean.place
Circuit routing file: boolean.route
Circuit SDC file: /home/srikala/qorc-sdk/fpga-examples/boolean/build/boolean_dummy.sdc

Packer: ENABLED
Placer: ENABLED
Router: DISABLED
Analysis: DISABLED

NetlistOpts.abosrb_buffer_luts            : true
NetlistOpts.sweep_dangling_primary_ios    : true
NetlistOpts.sweep_dangling_nets           : true
NetlistOpts.sweep_dangling_blocks         : true
NetlistOpts.sweep_constant_primary_outputs: false
NetlistOpts.netlist_verbosity             : 1
NetlistOpts.const_gen_inference           : COMB_SEQ

PackerOpts.allow_unrelated_clustering: auto
PackerOpts.alpha_clustering: 0.750000
PackerOpts.beta_clustering: 0.900000
PackerOpts.cluster_seed_type: BLEND2
PackerOpts.connection_driven: true
PackerOpts.global_clocks: true
PackerOpts.hill_climbing_flag: false
PackerOpts.inter_cluster_net_delay: 1.000000
PackerOpts.timing_driven: true
PackerOpts.target_external_pin_util: auto

PlacerOpts.place_freq: PLACE_ONCE
PlacerOpts.place_algorithm: CRITICALITY_TIMING_PLACE
PlacerOpts.pad_loc_type: FREE
PlacerOpts.constraints_file: Using constraints file 'boolean_constraints.place'
PlacerOpts.place_cost_exp: 1.000000
PlacerOpts.place_chan_width: 100
PlacerOpts.inner_loop_recompute_divider: 0
PlacerOpts.recompute_crit_iter: 1
PlacerOpts.timing_tradeoff: 0.500000
PlacerOpts.td_place_exp_first: 1.000000
PlacerOpts.td_place_exp_last: 8.000000
PlacerOpts.delay_offset: 0.000000
PlacerOpts.delay_ramp_delta_threshold: -1
PlacerOpts.delay_ramp_slope: 0.000000
PlacerOpts.tsu_rel_margin: 1.000000
PlacerOpts.tsu_abs_margin: 0.000000
PlacerOpts.post_place_timing_report_file: 
PlacerOpts.allowed_tiles_for_delay_model: 
PlacerOpts.delay_model_reducer: MIN
PlacerOpts.delay_model_type: DELTA_OVERRIDE
PlacerOpts.rlim_escape_fraction: 0.000000
PlacerOpts.move_stats_file: 
PlacerOpts.placement_saves_per_temperature: 0
PlacerOpts.effort_scaling: CIRCUIT
PlacerOpts.place_delta_delay_matrix_calculation_method: ASTAR_ROUTE
PlaceOpts.seed: 1
AnnealSched.type: AUTO_SCHED
AnnealSched.inner_num: 1.000000

RoutingArch.directionality: BI_DIRECTIONAL
RoutingArch.switch_block_type: WILTON
RoutingArch.Fs: 3

# Load Packing
Begin loading packed FPGA netlist file.
Netlist generated from file 'boolean.net'.
Detected 2 constant generators (to see names run with higher pack verbosity)
Finished loading packed FPGA netlist file (took 0.008005 seconds).
# Load Packing took 0.01 seconds (max_rss 40.3 MiB, delta_rss +0.7 MiB)
Warning 1: Netlist contains 0 global net to non-global architecture pin connections
Warning 2: Logic block #18 ($false) has only 1 output pin '$false.GND0_GND[0]'. It may be a constant generator.
Warning 3: Logic block #19 ($true) has only 1 output pin '$true.VCC0_VCC[0]'. It may be a constant generator.

Netlist num_nets: 13
Netlist num_blocks: 20
Netlist EMPTY blocks: 0.
Netlist PB-SYN_GND blocks: 1.
Netlist PB-BIDIR blocks: 11.
Netlist PB-ASSP blocks: 0.
Netlist PB-LOGIC blocks: 7.
Netlist PB-SDIOMUX blocks: 0.
Netlist PB-MULT blocks: 0.
Netlist PB-GMUX blocks: 0.
Netlist PB-CLOCK blocks: 0.
Netlist PB-RAM blocks: 0.
Netlist PB-SYN_VCC blocks: 1.
Netlist inputs pins: 4
Netlist output pins: 29


Pb types usage...
  PB-SYN_GND        : 1
   GND              : 1
  PB-BIDIR          : 11
   BIDIR            : 11
    INPUT           : 4
     bidir          : 4
     inpad          : 4
    OUTPUT          : 7
     bidir          : 7
     outpad         : 7
  PB-LOGIC          : 7
   LOGIC            : 7
    FRAGS           : 7
     c_frag_modes   : 7
      SINGLE        : 7
       c_frag       : 7
  PB-SYN_VCC        : 1
   VCC              : 1

# Create Device
## Build Device Grid
FPGA sized to 39 x 35: 1365 grid tiles (ql-eos-s3)

Resource usage...
	Netlist
		1	blocks of type: PB-SYN_GND
	Architecture
		1	blocks of type: TL-SYN_GND
	Netlist
		11	blocks of type: PB-BIDIR
	Architecture
		32	blocks of type: TL-BIDIR
	Netlist
		0	blocks of type: PB-ASSP
	Architecture
		1	blocks of type: TL-ASSP
	Netlist
		7	blocks of type: PB-LOGIC
	Architecture
		891	blocks of type: TL-LOGIC
	Netlist
		0	blocks of type: PB-SDIOMUX
	Architecture
		14	blocks of type: TL-SDIOMUX
	Netlist
		0	blocks of type: PB-MULT
	Architecture
		2	blocks of type: TL-MULT
	Netlist
		0	blocks of type: PB-GMUX
	Architecture
		5	blocks of type: TL-GMUX
	Netlist
		0	blocks of type: PB-CLOCK
	Architecture
		5	blocks of type: TL-CLOCK
	Netlist
		0	blocks of type: PB-RAM
	Architecture
		4	blocks of type: TL-RAM
	Netlist
		1	blocks of type: PB-SYN_VCC
	Architecture
		1	blocks of type: TL-SYN_VCC

Device Utilization: 0.01 (target 1.00)
	Physical Tile TL-LOGIC:
	Block Utilization: 0.01 Logical Block: PB-LOGIC
	Physical Tile TL-RAM:
	Block Utilization: 0.00 Logical Block: PB-RAM
	Physical Tile TL-MULT:
	Block Utilization: 0.00 Logical Block: PB-MULT
	Physical Tile TL-BIDIR:
	Block Utilization: 0.34 Logical Block: PB-BIDIR
	Physical Tile TL-CLOCK:
	Block Utilization: 0.00 Logical Block: PB-CLOCK
	Physical Tile TL-SDIOMUX:
	Block Utilization: 0.00 Logical Block: PB-SDIOMUX
	Physical Tile TL-GMUX:
	Block Utilization: 0.00 Logical Block: PB-GMUX
	Physical Tile TL-ASSP:
	Block Utilization: 0.00 Logical Block: PB-ASSP
	Physical Tile TL-SYN_VCC:
	Block Utilization: 1.00 Logical Block: PB-SYN_VCC
	Physical Tile TL-SYN_GND:
	Block Utilization: 1.00 Logical Block: PB-SYN_GND

## Build Device Grid took 0.00 seconds (max_rss 40.5 MiB, delta_rss +0.0 MiB)
## Loading routing resource graph


## Loading routing resource graph took 0.46 seconds (max_rss 349.9 MiB, delta_rss +309.4 MiB)
  RR Graph Nodes: 1396446
  RR Graph Edges: 2337988
# Create Device took 0.93 seconds (max_rss 351.6 MiB, delta_rss +311.1 MiB)

# Computing router lookahead map
## Computing wire lookahead
Warning 4: Unable to find any sample location for segment CHANX type 'generic' (length 1)
Warning 5: Unable to find any sample location for segment CHANY type 'generic' (length 1)
Warning 6: Unable to find any sample location for segment CHANX type 'pad' (length 1)
Warning 7: Unable to find any sample location for segment CHANY type 'pad' (length 1)
## Computing wire lookahead took 15.46 seconds (max_rss 351.6 MiB, delta_rss +0.0 MiB)
## Computing src/opin lookahead
## Computing src/opin lookahead took 0.00 seconds (max_rss 351.6 MiB, delta_rss +0.0 MiB)
# Computing router lookahead map took 15.46 seconds (max_rss 351.6 MiB, delta_rss +0.0 MiB)
# Placement
## Computing placement delta delay look-up
  RR Graph Nodes: 1396446
  RR Graph Edges: 2337988
## Computing placement delta delay look-up took 0.48 seconds (max_rss 401.3 MiB, delta_rss +49.6 MiB)
Warning 8: CHANX place cost fac is 0 at 2 2
Warning 9: CHANX place cost fac is 0 at 34 34
Warning 10: CHANY place cost fac is 0 at 38 38
## Initial Placement
Reading boolean_constraints.place.

Successfully read boolean_constraints.place.

## Initial Placement took 0.00 seconds (max_rss 401.3 MiB, delta_rss +0.0 MiB)

There are 120 point to point connections in this circuit.


BB estimate of min-dist (placement) wire length: 699

Completed placement consistency check successfully.
Initial placement cost: 1 bb_cost: 1.19021 td_cost: 4.32973e-07
Initial placement estimated Critical Path Delay (CPD): 46.5603 ns
Initial placement estimated setup Total Negative Slack (sTNS): -273.987 ns
Initial placement estimated setup Worst Negative Slack (sWNS): -46.5603 ns

Initial placement estimated setup slack histogram:
[ -4.7e-08: -4.5e-08) 1 ( 14.3%) |*************************
[ -4.5e-08: -4.4e-08) 0 (  0.0%) |
[ -4.4e-08: -4.2e-08) 1 ( 14.3%) |*************************
[ -4.2e-08: -4.1e-08) 1 ( 14.3%) |*************************
[ -4.1e-08:   -4e-08) 1 ( 14.3%) |*************************
[   -4e-08: -3.8e-08) 0 (  0.0%) |
[ -3.8e-08: -3.7e-08) 0 (  0.0%) |
[ -3.7e-08: -3.5e-08) 0 (  0.0%) |
[ -3.5e-08: -3.4e-08) 2 ( 28.6%) |*************************************************
[ -3.4e-08: -3.3e-08) 1 ( 14.3%) |*************************
Placement contains 0 placement macros involving 0 blocks (average macro size -nan)

Moves per temperature: 54
Warning 11: Starting t: 14 of 20 configurations accepted.

---- ------ ------- ------- ---------- ---------- ------- ---------- -------- ------- ------- ------ -------- --------- ------
Tnum   Time       T Av Cost Av BB Cost Av TD Cost     CPD       sTNS     sWNS Ac Rate Std Dev  R lim Crit Exp Tot Moves  Alpha
      (sec)                                          (ns)       (ns)     (ns)                                                 
---- ------ ------- ------- ---------- ---------- ------- ---------- -------- ------- ------- ------ -------- --------- ------
   1    0.0 9.3e-01   1.115       1.26 5.0075e-07  44.589       -276  -44.589   0.778  0.0721   38.0     1.00        54  0.200
   2    0.0 8.9e-01   0.916       1.26 5.172e-07   47.491       -306  -47.491   0.667  0.0791   38.0     1.00       108  0.950
   3    0.0 8.4e-01   0.946       1.27 4.8186e-07  46.983       -291  -46.983   0.704  0.0537   38.0     1.00       162  0.950
   4    0.0 8.0e-01   0.911       1.24 4.6469e-07  46.846       -295  -46.846   0.648  0.0936   38.0     1.00       216  0.950
   5    0.0 7.6e-01   0.948       1.25 4.5783e-07  50.132       -294  -50.132   0.815  0.0615   38.0     1.00       270  0.950
   6    0.0 6.8e-01   1.042       1.26 4.9207e-07  45.723       -286  -45.723   0.796  0.0708   38.0     1.00       324  0.900
   7    0.0 6.5e-01   0.933       1.26 4.9801e-07  49.872       -298  -49.872   0.778  0.0695   38.0     1.00       378  0.950
   8    0.0 6.2e-01   0.949       1.21 4.8097e-07  46.029       -291  -46.029   0.741  0.0937   38.0     1.00       432  0.950
   9    0.0 5.9e-01   1.081       1.31 5.1978e-07  44.912       -284  -44.912   0.704  0.0611   38.0     1.00       486  0.950
  10    0.0 5.6e-01   0.913       1.23 4.5077e-07  50.347       -297  -50.347   0.796  0.0348   38.0     1.00       540  0.950
  11    0.0 5.3e-01   1.045       1.25 4.7774e-07  49.477       -282  -49.477   0.796  0.0588   38.0     1.00       594  0.950
  12    0.0 5.0e-01   0.877       1.19 4.5041e-07  48.459       -301  -48.459   0.685  0.0906   38.0     1.00       648  0.950
  13    0.0 4.8e-01   1.198       1.21 4.5837e-07  45.756       -267  -45.756   0.741  0.0821   38.0     1.00       702  0.950
  14    0.0 4.5e-01   1.011       1.28 5.6e-07     48.467       -301  -48.467   0.778  0.0453   38.0     1.00       756  0.950
  15    0.0 4.3e-01   0.954       1.19 4.8474e-07  44.786       -288  -44.786   0.741  0.0591   38.0     1.00       810  0.950
  16    0.0 4.1e-01   0.923       1.22 4.3935e-07  46.223       -283  -46.223   0.722  0.0610   38.0     1.00       864  0.950
  17    0.0 3.9e-01   1.166       1.27 4.44e-07    44.036       -267  -44.036   0.593  0.1021   38.0     1.00       918  0.950
  18    0.0 3.7e-01   1.011       1.20 5.0248e-07  45.680       -282  -45.680   0.778  0.0422   38.0     1.00       972  0.950
  19    0.0 3.5e-01   0.961       1.32 4.7677e-07  48.907       -290  -48.907   0.796  0.0450   38.0     1.00      1026  0.950
  20    0.0 3.3e-01   1.009       1.31 4.9084e-07  45.287       -280  -45.287   0.722  0.0530   38.0     1.00      1080  0.950
  21    0.0 3.2e-01   1.068       1.24 5.0438e-07  44.295       -280  -44.295   0.722  0.0449   38.0     1.00      1134  0.950
  22    0.0 3.0e-01   0.912       1.29 4.9698e-07  50.347       -307  -50.347   0.759  0.0565   38.0     1.00      1188  0.950
  23    0.0 2.9e-01   0.984       1.25 4.8198e-07  47.263       -293  -47.263   0.741  0.0422   38.0     1.00      1242  0.950
  24    0.0 2.7e-01   0.935       1.21 4.2755e-07  46.802       -280  -46.802   0.667  0.0750   38.0     1.00      1296  0.950
  25    0.0 2.6e-01   1.184       1.19 4.5737e-07  39.674       -256  -39.674   0.685  0.0765   38.0     1.00      1350  0.950
  26    0.0 2.5e-01   0.949       1.12 4.5053e-07  45.261       -283  -45.261   0.611  0.0498   38.0     1.00      1404  0.950
  27    0.0 2.3e-01   0.936       1.23 4.4762e-07  46.757       -286  -46.757   0.648  0.0675   38.0     1.00      1458  0.950
  28    0.0 2.2e-01   0.962       1.22 4.8535e-07  48.436       -292  -48.436   0.704  0.0410   38.0     1.00      1512  0.950
  29    0.0 2.1e-01   0.945       1.23 4.8179e-07  46.837       -294  -46.837   0.741  0.0482   38.0     1.00      1566  0.950
  30    0.0 2.0e-01   0.944       1.27 5.0476e-07  49.187       -306  -49.187   0.741  0.0597   38.0     1.00      1620  0.950
  31    0.0 1.9e-01   0.906       1.24 4.3188e-07  45.389       -292  -45.389   0.630  0.0556   38.0     1.00      1674  0.950
  32    0.0 1.8e-01   1.098       1.24 3.9886e-07  47.451       -261  -47.451   0.741  0.0973   38.0     1.00      1728  0.950
  33    0.0 1.7e-01   1.193       1.23 4.6958e-07  42.121       -259  -42.121   0.704  0.0881   38.0     1.00      1782  0.950
  34    0.0 1.6e-01   1.079       1.30 5.0013e-07  44.791       -280  -44.791   0.704  0.0702   38.0     1.00      1836  0.950
  35    0.0 1.5e-01   0.999       1.22 4.4399e-07  47.072       -279  -47.072   0.796  0.0675   38.0     1.00      1890  0.950
  36    0.0 1.5e-01   0.904       1.21 4.9157e-07  48.440       -302  -48.440   0.741  0.0473   38.0     1.00      1944  0.950
  37    0.0 1.4e-01   0.935       1.27 4.6982e-07  48.804       -295  -48.804   0.611  0.0377   38.0     1.00      1998  0.950
  38    0.0 1.3e-01   0.972       1.21 4.7539e-07  44.755       -285  -44.755   0.685  0.0666   38.0     1.00      2052  0.950
  39    0.0 1.3e-01   0.962       1.22 4.7549e-07  44.589       -285  -44.589   0.704  0.0359   38.0     1.00      2106  0.950
  40    0.0 1.2e-01   1.055       1.21 4.8843e-07  42.631       -275  -42.631   0.741  0.0390   38.0     1.00      2160  0.950
  41    0.0 1.1e-01   0.959       1.22 4.4798e-07  48.309       -290  -48.309   0.741  0.0442   38.0     1.00      2214  0.950
  42    0.0 1.1e-01   0.977       1.29 4.8145e-07  47.072       -288  -47.072   0.667  0.0673   38.0     1.00      2268  0.950
  43    0.0 1.0e-01   0.859       1.22 4.1955e-07  52.882       -301  -52.882   0.778  0.0783   38.0     1.00      2322  0.950
  44    0.0 9.8e-02   1.099       1.30 4.5578e-07  49.155       -275  -49.155   0.870  0.0858   38.0     1.00      2376  0.950
  45    0.0 8.8e-02   0.986       1.24 4.162e-07   47.658       -275  -47.658   0.704  0.0620   38.0     1.00      2430  0.900
  46    0.0 8.3e-02   0.822       1.16 4.2344e-07  47.170       -290  -47.170   0.611  0.0535   38.0     1.00      2484  0.950
  47    0.0 7.9e-02   0.942       1.23 4.5538e-07  45.457       -287  -45.457   0.741  0.0712   38.0     1.00      2538  0.950
  48    0.0 7.5e-02   1.004       1.15 4.6353e-07  43.592       -277  -43.592   0.519  0.0527   38.0     1.00      2592  0.950
  49    0.0 7.1e-02   1.066       1.20 4.1212e-07  44.240       -263  -44.240   0.611  0.0565   38.0     1.00      2646  0.950
  50    0.0 6.8e-02   1.041       1.24 4.884e-07   43.417       -279  -43.417   0.630  0.0717   38.0     1.00      2700  0.950
  51    0.0 6.5e-02   1.031       1.19 3.8287e-07  46.975       -262  -46.975   0.574  0.0527   38.0     1.00      2754  0.950
  52    0.0 6.1e-02   1.153       1.18 4.197e-07   42.788       -259  -42.788   0.648  0.1007   38.0     1.00      2808  0.950
  53    0.0 5.8e-02   0.949       1.02 3.5779e-07  42.986       -259  -42.986   0.500  0.0441   38.0     1.00      2862  0.950
  54    0.0 5.5e-02   1.011       1.03 3.8614e-07  40.507       -261  -40.507   0.352  0.0733   38.0     1.00      2916  0.950
  55    0.0 5.3e-02   0.861       1.00 3.3023e-07  46.225       -278  -46.225   0.426  0.0544   34.7     1.63      2970  0.950
  56    0.0 5.0e-02   1.163       1.10 3.8243e-07  38.962       -245  -38.962   0.444  0.0831   34.2     1.73      3024  0.950
  57    0.0 4.7e-02   0.962       1.21 4.2026e-07  44.732       -280  -44.732   0.593  0.0326   34.3     1.70      3078  0.950
  58    0.0 4.5e-02   0.938       1.18 3.8348e-07  48.123       -274  -48.123   0.500  0.0395   38.0     1.00      3132  0.950
  59    0.0 4.3e-02   0.920       1.18 4.029e-07   48.309       -279  -48.309   0.500  0.0480   38.0     1.00      3186  0.950
  60    0.0 4.1e-02   1.068       1.16 3.7945e-07  43.222       -257  -43.222   0.481  0.0845   38.0     1.00      3240  0.950
  61    0.0 3.9e-02   1.045       1.16 3.7932e-07  46.641       -260  -46.641   0.463  0.0775   38.0     1.00      3294  0.950
  62    0.0 3.7e-02   1.100       1.07 4.2332e-07  41.227       -255  -41.227   0.352  0.0272   38.0     1.00      3348  0.950
  63    0.0 3.5e-02   0.878       1.02 3.6488e-07  41.715       -276  -41.715   0.389  0.0590   34.7     1.63      3402  0.950
  64    0.0 3.3e-02   1.018       0.94 2.5639e-07  43.365       -247  -43.365   0.333  0.0632   32.9     1.97      3456  0.950
  65    0.0 3.1e-02   1.030       1.12 3.362e-07   39.846       -256  -39.846   0.315  0.0621   29.4     2.63      3510  0.950
  66    0.0 3.0e-02   0.905       1.19 2.0629e-07  52.185       -272  -52.185   0.481  0.0712   25.7     3.33      3564  0.950
  67    0.0 2.8e-02   0.976       1.05 3.3027e-07  39.416       -259  -39.416   0.426  0.0793   26.8     3.13      3618  0.950
  68    0.0 2.7e-02   0.930       1.16 2.6169e-07  46.846       -269  -46.846   0.426  0.0298   26.4     3.20      3672  0.950
  69    0.0 2.6e-02   0.809       0.99 2.3224e-07  47.207       -278  -47.207   0.241  0.0609   26.0     3.27      3726  0.950
  70    0.0 2.4e-02   0.869       0.97 1.9465e-07  44.549       -266  -44.549   0.259  0.0848   20.8     4.25      3780  0.950
  71    0.0 2.3e-02   1.001       0.98 2.2084e-07  41.170       -252  -41.170   0.241  0.0229   17.1     4.96      3834  0.950
  72    0.0 2.2e-02   0.829       0.95 1.6104e-07  44.175       -258  -44.175   0.389  0.0858   13.7     5.60      3888  0.950
  73    0.0 2.1e-02   0.972       0.88 2.1757e-07  38.132       -243  -38.132   0.333  0.0473   13.0     5.74      3942  0.950
  74    0.0 2.0e-02   0.987       0.84 2.0438e-07  37.362       -244  -37.362   0.333  0.0174   11.6     6.00      3996  0.950
  75    0.0 1.9e-02   0.978       0.90 2.1828e-07  36.688       -245  -36.688   0.444  0.0207   10.3     6.23      4050  0.950
  76    0.0 1.8e-02   0.913       0.85 1.3049e-07  40.581       -247  -40.581   0.241  0.0493   10.4     6.22      4104  0.950
  77    0.0 1.7e-02   1.009       0.84 1.8049e-07  37.290       -243  -37.290   0.333  0.0228    8.3     6.61      4158  0.950
  78    0.0 1.6e-02   1.043       0.85 2.2976e-07  35.045       -238  -35.045   0.370  0.0258    7.4     6.78      4212  0.950
  79    0.0 1.5e-02   0.976       0.85 1.9332e-07  36.548       -241  -36.548   0.463  0.0233    6.9     6.88      4266  0.950
  80    0.0 1.5e-02   0.947       0.82 1.2437e-07  38.510       -236  -38.510   0.278  0.0645    7.1     6.85      4320  0.950
  81    0.0 1.4e-02   1.011       0.82 1.774e-07   34.707       -231  -34.707   0.315  0.0106    5.9     7.07      4374  0.950
  82    0.0 1.3e-02   1.013       0.83 2.0032e-07  34.457       -234  -34.457   0.296  0.0356    5.2     7.21      4428  0.950
  83    0.0 1.2e-02   0.987       0.84 1.6483e-07  35.768       -234  -35.768   0.481  0.0190    4.4     7.35      4482  0.950
  84    0.0 1.2e-02   0.975       0.84 1.644e-07   36.628       -238  -36.628   0.426  0.0120    4.6     7.31      4536  0.950
  85    0.0 1.1e-02   0.982       0.83 2.0003e-07  35.966       -241  -35.966   0.519  0.0118    4.6     7.33      4590  0.950
  86    0.0 1.1e-02   0.982       0.82 2.2308e-07  34.613       -238  -34.613   0.407  0.0147    4.9     7.26      4644  0.950
  87    0.0 1.0e-02   0.988       0.79 1.3662e-07  36.548       -233  -36.548   0.389  0.0152    4.8     7.29      4698  0.950
  88    0.0 9.7e-03   0.987       0.79 1.6049e-07  36.254       -238  -36.254   0.519  0.0228    4.5     7.34      4752  0.950
  89    0.0 9.2e-03   1.002       0.79 1.664e-07   35.760       -234  -35.760   0.333  0.0195    4.9     7.27      4806  0.950
  90    0.0 8.7e-03   1.035       0.82 1.872e-07   34.428       -230  -34.428   0.333  0.0267    4.3     7.37      4860  0.950
  91    0.0 8.3e-03   0.962       0.80 1.1938e-07  37.776       -237  -37.776   0.481  0.0206    3.9     7.45      4914  0.950
  92    0.0 7.9e-03   1.032       0.85 1.7808e-07  35.270       -234  -35.270   0.315  0.0162    4.0     7.42      4968  0.950
  93    0.0 7.5e-03   0.947       0.81 1.7278e-07  35.433       -236  -35.433   0.481  0.0216    3.5     7.52      5022  0.950
  94    0.0 7.1e-03   1.010       0.79 1.6412e-07  35.481       -235  -35.481   0.389  0.0081    3.7     7.49      5076  0.950
  95    0.0 6.8e-03   0.973       0.78 1.7535e-07  35.332       -236  -35.332   0.296  0.0231    3.5     7.53      5130  0.950
  96    0.0 6.4e-03   1.006       0.78 1.5677e-07  34.849       -230  -34.849   0.315  0.0059    3.0     7.62      5184  0.950
  97    0.0 6.1e-03   0.988       0.79 1.5729e-07  34.849       -231  -34.849   0.315  0.0110    2.6     7.69      5238  0.950
  98    0.0 5.8e-03   0.991       0.77 1.711e-07   34.312       -229  -34.312   0.259  0.0059    2.3     7.76      5292  0.950
  99    0.0 5.5e-03   0.992       0.77 1.558e-07   34.716       -229  -34.716   0.315  0.0075    1.9     7.83      5346  0.950
 100    0.0 5.2e-03   1.011       0.77 1.2247e-07  35.784       -229  -35.784   0.296  0.0086    1.6     7.88      5400  0.950
 101    0.0 5.0e-03   0.989       0.78 1.5031e-07  35.337       -231  -35.337   0.389  0.0112    1.4     7.92      5454  0.950
 102    0.0 4.7e-03   1.026       0.81 1.2873e-07  35.784       -230  -35.784   0.389  0.0128    1.3     7.94      5508  0.950
 103    0.0 4.5e-03   0.981       0.79 1.7234e-07  34.592       -232  -34.592   0.278  0.0051    1.3     7.95      5562  0.950
 104    0.0 4.3e-03   0.984       0.79 1.3233e-07  35.740       -232  -35.740   0.389  0.0058    1.1     7.99      5616  0.950
 105    0.0 4.0e-03   1.009       0.79 1.6292e-07  34.748       -231  -34.748   0.463  0.0073    1.0     8.00      5670  0.950
 106    0.0 3.8e-03   0.998       0.80 1.5721e-07  34.748       -231  -34.748   0.259  0.0082    1.0     7.99      5724  0.950
 107    0.0 3.6e-03   0.988       0.78 1.4728e-07  34.748       -229  -34.748   0.278  0.0147    1.0     8.00      5778  0.950
 108    0.0 3.5e-03   0.992       0.77 1.5251e-07  33.927       -226  -33.927   0.167  0.0076    1.0     8.00      5832  0.950
 109    0.0 3.3e-03   1.000       0.77 1.3132e-07  34.825       -227  -34.825   0.148  0.0062    1.0     8.00      5886  0.950
 110    0.0 2.6e-03   0.992       0.76 1.421e-07   34.703       -229  -34.703   0.241  0.0033    1.0     8.00      5940  0.800
 111    0.0 2.5e-03   1.011       0.77 1.6173e-07  34.281       -229  -34.281   0.222  0.0049    1.0     8.00      5994  0.950
 112    0.0 2.4e-03   1.003       0.79 1.6381e-07  34.807       -233  -34.807   0.167  0.0041    1.0     8.00      6048  0.950
 113    0.0 2.3e-03   0.979       0.77 1.4415e-07  35.221       -233  -35.221   0.148  0.0111    1.0     8.00      6102  0.950
 114    0.0 1.8e-03   0.994       0.77 1.2444e-07  35.332       -229  -35.332   0.185  0.0024    1.0     8.00      6156  0.800
 115    0.0 1.7e-03   0.993       0.77 1.6597e-07  34.281       -231  -34.281   0.185  0.0054    1.0     8.00      6210  0.950
 116    0.0 1.6e-03   0.994       0.78 1.5828e-07  33.927       -228  -33.927   0.148  0.0018    1.0     8.00      6264  0.950
 117    0.0 1.3e-03   1.004       0.78 1.5104e-07  34.281       -229  -34.281   0.111  0.0019    1.0     8.00      6318  0.800
 118    0.0 1.0e-03   0.996       0.78 1.6349e-07  33.931       -229  -33.931   0.037  0.0018    1.0     8.00      6372  0.800
 119    0.0 8.4e-04   0.994       0.78 1.6157e-07  33.927       -229  -33.927   0.056  0.0040    1.0     8.00      6426  0.800
 120    0.0 6.7e-04   0.996       0.78 1.5402e-07  33.927       -228  -33.927   0.037  0.0002    1.0     8.00      6480  0.800
 121    0.0 5.3e-04   0.997       0.78 1.6111e-07  33.927       -229  -33.927   0.074  0.0011    1.0     8.00      6534  0.800
 122    0.0 4.3e-04   0.996       0.78 1.5402e-07  33.927       -228  -33.927   0.037  0.0002    1.0     8.00      6588  0.800
 123    0.0 0.0e+00   0.997       0.78 1.6123e-07  33.927       -229  -33.927   0.037  0.0017    1.0     8.00      6642  0.800
## Placement Quench took 0.00 seconds (max_rss 401.3 MiB)

BB estimate of min-dist (placement) wire length: 329

Completed placement consistency check successfully.

Swaps called: 6662

Aborted Move Reasons:
  No moves aborted

Placement estimated critical path delay (least slack): 33.9266 ns, Fmax: 29.4754 MHz
Placement estimated setup Worst Negative Slack (sWNS): -33.9266 ns
Placement estimated setup Total Negative Slack (sTNS): -227.566 ns

Placement estimated setup slack histogram:
[ -3.4e-08: -3.4e-08) 3 ( 42.9%) |*************************************************
[ -3.4e-08: -3.3e-08) 0 (  0.0%) |
[ -3.3e-08: -3.3e-08) 0 (  0.0%) |
[ -3.3e-08: -3.3e-08) 1 ( 14.3%) |****************
[ -3.3e-08: -3.2e-08) 0 (  0.0%) |
[ -3.2e-08: -3.2e-08) 0 (  0.0%) |
[ -3.2e-08: -3.2e-08) 0 (  0.0%) |
[ -3.2e-08: -3.1e-08) 1 ( 14.3%) |****************
[ -3.1e-08: -3.1e-08) 1 ( 14.3%) |****************
[ -3.1e-08: -3.1e-08) 1 ( 14.3%) |****************

Placement estimated geomean non-virtual intra-domain period: nan ns (nan MHz)
Placement estimated fanout-weighted geomean non-virtual intra-domain period: nan ns (nan MHz)

Placement cost: 0.996232, bb_cost: 0.776297, td_cost: 1.55158e-07, 

Placement resource usage:
  PB-SYN_GND implemented as TL-SYN_GND: 1
  PB-BIDIR   implemented as TL-BIDIR  : 11
  PB-LOGIC   implemented as TL-LOGIC  : 7
  PB-SYN_VCC implemented as TL-SYN_VCC: 1

Placement number of temperatures: 123
Placement total # of swap attempts: 6662
	Swaps accepted: 3242 (48.7 %)
	Swaps rejected: 1979 (29.7 %)
	Swaps aborted : 1441 (21.6 %)
Placement Quench timing analysis took 4.4007e-05 seconds (3.2269e-05 STA, 1.1738e-05 slack) (1 full updates: 1 setup, 0 hold, 0 combined).
Placement Total  timing analysis took 0.00572321 seconds (0.0041727 STA, 0.00155051 slack) (125 full updates: 125 setup, 0 hold, 0 combined).
update_td_costs: connections 0 nets 0 sum_nets 0 total 0
Incr Slack updates 125 in 0.000636349 sec
Full Max Req/Worst Slack updates 78 in 4.1589e-05 sec
Incr Max Req/Worst Slack updates 47 in 2.2769e-05 sec
Incr Criticality updates 8 in 5.0833e-05 sec
Full Criticality updates 117 in 0.000699148 sec
# Placement took 0.50 seconds (max_rss 401.3 MiB, delta_rss +49.6 MiB)

Flow timing analysis took 0.00572321 seconds (0.0041727 STA, 0.00155051 slack) (125 full updates: 125 setup, 0 hold, 0 combined).
VPR succeeded
The entire flow of VPR took 17.29 seconds (max_rss 401.3 MiB)
