#Timing report of worst 7 path(s)
# Unit scale: 1e-09 seconds
# Output precision: 3

#Path 1
Startpoint: Y.inpad[0] (.input clocked by virtual_io_clock)
Endpoint  : out:e.outpad[0] (.output clocked by virtual_io_clock)
Path Type : hold

Point                                                                 Incr      Path
------------------------------------------------------------------------------------
clock virtual_io_clock (rise edge)                                   0.000     0.000
clock source latency                                                 0.000     0.000
input external delay                                                 0.000     0.000
Y.inpad[0] (.input)                                                  0.000     0.000
$iopadmap$boolean.Y.I_PAD_$inp[0] (BIDIR_CELL)                       0.000     0.000
$iopadmap$boolean.Y.I_DAT[0] (BIDIR_CELL)                           10.153    10.153
e_LUT4_O.c_frag.TSL[0] (C_FRAG)                                      3.426    13.579
e_LUT4_O.c_frag.CZ[0] (C_FRAG)                                       1.108    14.687
$iopadmap$boolean.e.O_DAT[0] (BIDIR_CELL)                            4.824    19.510
$iopadmap$boolean.e.O_PAD_$out[0] (BIDIR_CELL)                       9.726    29.236
out:e.outpad[0] (.output)                                            0.000    29.236
data arrival time                                                             29.236

clock virtual_io_clock (rise edge)                                   0.000     0.000
clock source latency                                                 0.000     0.000
clock uncertainty                                                    0.000     0.000
output external delay                                                0.000     0.000
data required time                                                             0.000
------------------------------------------------------------------------------------
data required time                                                            -0.000
data arrival time                                                             29.236
------------------------------------------------------------------------------------
slack (MET)                                                                   29.236


#Path 2
Startpoint: Y.inpad[0] (.input clocked by virtual_io_clock)
Endpoint  : out:g.outpad[0] (.output clocked by virtual_io_clock)
Path Type : hold

Point                                                                 Incr      Path
------------------------------------------------------------------------------------
clock virtual_io_clock (rise edge)                                   0.000     0.000
clock source latency                                                 0.000     0.000
input external delay                                                 0.000     0.000
Y.inpad[0] (.input)                                                  0.000     0.000
$iopadmap$boolean.Y.I_PAD_$inp[0] (BIDIR_CELL)                       0.000     0.000
$iopadmap$boolean.Y.I_DAT[0] (BIDIR_CELL)                           10.153    10.153
g_LUT4_O.c_frag.BA1[0] (C_FRAG)                                      3.291    13.444
g_LUT4_O.c_frag.CZ[0] (C_FRAG)                                       1.392    14.835
$iopadmap$boolean.g.O_DAT[0] (BIDIR_CELL)                            5.611    20.447
$iopadmap$boolean.g.O_PAD_$out[0] (BIDIR_CELL)                       9.726    30.173
out:g.outpad[0] (.output)                                            0.000    30.173
data arrival time                                                             30.173

clock virtual_io_clock (rise edge)                                   0.000     0.000
clock source latency                                                 0.000     0.000
clock uncertainty                                                    0.000     0.000
output external delay                                                0.000     0.000
data required time                                                             0.000
------------------------------------------------------------------------------------
data required time                                                            -0.000
data arrival time                                                             30.173
------------------------------------------------------------------------------------
slack (MET)                                                                   30.173


#Path 3
Startpoint: Z.inpad[0] (.input clocked by virtual_io_clock)
Endpoint  : out:f.outpad[0] (.output clocked by virtual_io_clock)
Path Type : hold

Point                                                                 Incr      Path
------------------------------------------------------------------------------------
clock virtual_io_clock (rise edge)                                   0.000     0.000
clock source latency                                                 0.000     0.000
input external delay                                                 0.000     0.000
Z.inpad[0] (.input)                                                  0.000     0.000
$iopadmap$boolean.Z.I_PAD_$inp[0] (BIDIR_CELL)                       0.000     0.000
$iopadmap$boolean.Z.I_DAT[0] (BIDIR_CELL)                           10.153    10.153
f_LUT4_O.c_frag.BB2[0] (C_FRAG)                                      3.346    13.499
f_LUT4_O.c_frag.CZ[0] (C_FRAG)                                       1.378    14.877
$iopadmap$boolean.f.O_DAT[0] (BIDIR_CELL)                            5.611    20.489
$iopadmap$boolean.f.O_PAD_$out[0] (BIDIR_CELL)                       9.726    30.215
out:f.outpad[0] (.output)                                            0.000    30.215
data arrival time                                                             30.215

clock virtual_io_clock (rise edge)                                   0.000     0.000
clock source latency                                                 0.000     0.000
clock uncertainty                                                    0.000     0.000
output external delay                                                0.000     0.000
data required time                                                             0.000
------------------------------------------------------------------------------------
data required time                                                            -0.000
data arrival time                                                             30.215
------------------------------------------------------------------------------------
slack (MET)                                                                   30.215


#Path 4
Startpoint: Z.inpad[0] (.input clocked by virtual_io_clock)
Endpoint  : out:d.outpad[0] (.output clocked by virtual_io_clock)
Path Type : hold

Point                                                                 Incr      Path
------------------------------------------------------------------------------------
clock virtual_io_clock (rise edge)                                   0.000     0.000
clock source latency                                                 0.000     0.000
input external delay                                                 0.000     0.000
Z.inpad[0] (.input)                                                  0.000     0.000
$iopadmap$boolean.Z.I_PAD_$inp[0] (BIDIR_CELL)                       0.000     0.000
$iopadmap$boolean.Z.I_DAT[0] (BIDIR_CELL)                           10.153    10.153
d_LUT4_O.c_frag.TBS[0] (C_FRAG)                                      3.771    13.924
d_LUT4_O.c_frag.CZ[0] (C_FRAG)                                       0.705    14.629
$iopadmap$boolean.d.O_DAT[0] (BIDIR_CELL)                            6.139    20.767
$iopadmap$boolean.d.O_PAD_$out[0] (BIDIR_CELL)                       9.726    30.493
out:d.outpad[0] (.output)                                            0.000    30.493
data arrival time                                                             30.493

clock virtual_io_clock (rise edge)                                   0.000     0.000
clock source latency                                                 0.000     0.000
clock uncertainty                                                    0.000     0.000
output external delay                                                0.000     0.000
data required time                                                             0.000
------------------------------------------------------------------------------------
data required time                                                            -0.000
data arrival time                                                             30.493
------------------------------------------------------------------------------------
slack (MET)                                                                   30.493


#Path 5
Startpoint: Z.inpad[0] (.input clocked by virtual_io_clock)
Endpoint  : out:a.outpad[0] (.output clocked by virtual_io_clock)
Path Type : hold

Point                                                                 Incr      Path
------------------------------------------------------------------------------------
clock virtual_io_clock (rise edge)                                   0.000     0.000
clock source latency                                                 0.000     0.000
input external delay                                                 0.000     0.000
Z.inpad[0] (.input)                                                  0.000     0.000
$iopadmap$boolean.Z.I_PAD_$inp[0] (BIDIR_CELL)                       0.000     0.000
$iopadmap$boolean.Z.I_DAT[0] (BIDIR_CELL)                           10.153    10.153
a_LUT4_O.c_frag.TBS[0] (C_FRAG)                                      3.355    13.508
a_LUT4_O.c_frag.CZ[0] (C_FRAG)                                       0.705    14.213
$iopadmap$boolean.a.O_DAT[0] (BIDIR_CELL)                            6.640    20.852
$iopadmap$boolean.a.O_PAD_$out[0] (BIDIR_CELL)                       9.726    30.578
out:a.outpad[0] (.output)                                            0.000    30.578
data arrival time                                                             30.578

clock virtual_io_clock (rise edge)                                   0.000     0.000
clock source latency                                                 0.000     0.000
clock uncertainty                                                    0.000     0.000
output external delay                                                0.000     0.000
data required time                                                             0.000
------------------------------------------------------------------------------------
data required time                                                            -0.000
data arrival time                                                             30.578
------------------------------------------------------------------------------------
slack (MET)                                                                   30.578


#Path 6
Startpoint: Z.inpad[0] (.input clocked by virtual_io_clock)
Endpoint  : out:c.outpad[0] (.output clocked by virtual_io_clock)
Path Type : hold

Point                                                                 Incr      Path
------------------------------------------------------------------------------------
clock virtual_io_clock (rise edge)                                   0.000     0.000
clock source latency                                                 0.000     0.000
input external delay                                                 0.000     0.000
Z.inpad[0] (.input)                                                  0.000     0.000
$iopadmap$boolean.Z.I_PAD_$inp[0] (BIDIR_CELL)                       0.000     0.000
$iopadmap$boolean.Z.I_DAT[0] (BIDIR_CELL)                           10.153    10.153
c_LUT4_O.c_frag.TBS[0] (C_FRAG)                                      3.858    14.011
c_LUT4_O.c_frag.CZ[0] (C_FRAG)                                       0.705    14.716
$iopadmap$boolean.c.O_DAT[0] (BIDIR_CELL)                            6.352    21.068
$iopadmap$boolean.c.O_PAD_$out[0] (BIDIR_CELL)                       9.726    30.794
out:c.outpad[0] (.output)                                            0.000    30.794
data arrival time                                                             30.794

clock virtual_io_clock (rise edge)                                   0.000     0.000
clock source latency                                                 0.000     0.000
clock uncertainty                                                    0.000     0.000
output external delay                                                0.000     0.000
data required time                                                             0.000
------------------------------------------------------------------------------------
data required time                                                            -0.000
data arrival time                                                             30.794
------------------------------------------------------------------------------------
slack (MET)                                                                   30.794


#Path 7
Startpoint: Z.inpad[0] (.input clocked by virtual_io_clock)
Endpoint  : out:b.outpad[0] (.output clocked by virtual_io_clock)
Path Type : hold

Point                                                                 Incr      Path
------------------------------------------------------------------------------------
clock virtual_io_clock (rise edge)                                   0.000     0.000
clock source latency                                                 0.000     0.000
input external delay                                                 0.000     0.000
Z.inpad[0] (.input)                                                  0.000     0.000
$iopadmap$boolean.Z.I_PAD_$inp[0] (BIDIR_CELL)                       0.000     0.000
$iopadmap$boolean.Z.I_DAT[0] (BIDIR_CELL)                           10.153    10.153
b_LUT4_O.c_frag.TBS[0] (C_FRAG)                                      3.390    13.543
b_LUT4_O.c_frag.CZ[0] (C_FRAG)                                       0.705    14.248
$iopadmap$boolean.b.O_DAT[0] (BIDIR_CELL)                            8.077    22.325
$iopadmap$boolean.b.O_PAD_$out[0] (BIDIR_CELL)                       9.726    32.051
out:b.outpad[0] (.output)                                            0.000    32.051
data arrival time                                                             32.051

clock virtual_io_clock (rise edge)                                   0.000     0.000
clock source latency                                                 0.000     0.000
clock uncertainty                                                    0.000     0.000
output external delay                                                0.000     0.000
data required time                                                             0.000
------------------------------------------------------------------------------------
data required time                                                            -0.000
data arrival time                                                             32.051
------------------------------------------------------------------------------------
slack (MET)                                                                   32.051


#End of timing report
