#Timing report of worst 4 path(s)
# Unit scale: 1e-09 seconds
# Output precision: 3

#Path 1
Startpoint: z.inpad[0] (.input clocked by virtual_io_clock)
Endpoint  : out:a.outpad[0] (.output clocked by virtual_io_clock)
Path Type : setup

Point                                                                     Incr      Path
----------------------------------------------------------------------------------------
clock virtual_io_clock (rise edge)                                       0.000     0.000
clock source latency                                                     0.000     0.000
input external delay                                                     0.000     0.000
z.inpad[0] (.input)                                                      0.000     0.000
$iopadmap$assignment2.z.I_PAD_$inp[0] (BIDIR_CELL)                       0.000     0.000
$iopadmap$assignment2.z.I_DAT[0] (BIDIR_CELL)                           10.958    10.958
a_LUT4_O.c_frag.TA2[0] (C_FRAG)                                          0.000    10.958
a_LUT4_O.c_frag.CZ[0] (C_FRAG)                                           1.705    12.663
$iopadmap$assignment2.a.O_DAT[0] (BIDIR_CELL)                            0.000    12.663
$iopadmap$assignment2.a.O_PAD_$out[0] (BIDIR_CELL)                       9.809    22.472
out:a.outpad[0] (.output)                                                0.000    22.472
data arrival time                                                                 22.472

clock virtual_io_clock (rise edge)                                       0.000     0.000
clock source latency                                                     0.000     0.000
clock uncertainty                                                        0.000     0.000
output external delay                                                    0.000     0.000
data required time                                                                 0.000
----------------------------------------------------------------------------------------
data required time                                                                 0.000
data arrival time                                                                -22.472
----------------------------------------------------------------------------------------
slack (VIOLATED)                                                                 -22.472


#Path 2
Startpoint: z.inpad[0] (.input clocked by virtual_io_clock)
Endpoint  : out:d.outpad[0] (.output clocked by virtual_io_clock)
Path Type : setup

Point                                                                     Incr      Path
----------------------------------------------------------------------------------------
clock virtual_io_clock (rise edge)                                       0.000     0.000
clock source latency                                                     0.000     0.000
input external delay                                                     0.000     0.000
z.inpad[0] (.input)                                                      0.000     0.000
$iopadmap$assignment2.z.I_PAD_$inp[0] (BIDIR_CELL)                       0.000     0.000
$iopadmap$assignment2.z.I_DAT[0] (BIDIR_CELL)                           10.958    10.958
a_LUT4_O.c_frag.TA2[0] (C_FRAG)                                          0.000    10.958
a_LUT4_O.c_frag.CZ[0] (C_FRAG)                                           1.705    12.663
$iopadmap$assignment2.d.O_DAT[0] (BIDIR_CELL)                            0.000    12.663
$iopadmap$assignment2.d.O_PAD_$out[0] (BIDIR_CELL)                       9.809    22.472
out:d.outpad[0] (.output)                                                0.000    22.472
data arrival time                                                                 22.472

clock virtual_io_clock (rise edge)                                       0.000     0.000
clock source latency                                                     0.000     0.000
clock uncertainty                                                        0.000     0.000
output external delay                                                    0.000     0.000
data required time                                                                 0.000
----------------------------------------------------------------------------------------
data required time                                                                 0.000
data arrival time                                                                -22.472
----------------------------------------------------------------------------------------
slack (VIOLATED)                                                                 -22.472


#Path 3
Startpoint: z.inpad[0] (.input clocked by virtual_io_clock)
Endpoint  : out:e.outpad[0] (.output clocked by virtual_io_clock)
Path Type : setup

Point                                                                     Incr      Path
----------------------------------------------------------------------------------------
clock virtual_io_clock (rise edge)                                       0.000     0.000
clock source latency                                                     0.000     0.000
input external delay                                                     0.000     0.000
z.inpad[0] (.input)                                                      0.000     0.000
$iopadmap$assignment2.z.I_PAD_$inp[0] (BIDIR_CELL)                       0.000     0.000
$iopadmap$assignment2.z.I_DAT[0] (BIDIR_CELL)                           10.958    10.958
a_LUT4_O.c_frag.TA2[0] (C_FRAG)                                          0.000    10.958
a_LUT4_O.c_frag.CZ[0] (C_FRAG)                                           1.705    12.663
$iopadmap$assignment2.e.O_DAT[0] (BIDIR_CELL)                            0.000    12.663
$iopadmap$assignment2.e.O_PAD_$out[0] (BIDIR_CELL)                       9.809    22.472
out:e.outpad[0] (.output)                                                0.000    22.472
data arrival time                                                                 22.472

clock virtual_io_clock (rise edge)                                       0.000     0.000
clock source latency                                                     0.000     0.000
clock uncertainty                                                        0.000     0.000
output external delay                                                    0.000     0.000
data required time                                                                 0.000
----------------------------------------------------------------------------------------
data required time                                                                 0.000
data arrival time                                                                -22.472
----------------------------------------------------------------------------------------
slack (VIOLATED)                                                                 -22.472


#Path 4
Startpoint: z.inpad[0] (.input clocked by virtual_io_clock)
Endpoint  : out:f.outpad[0] (.output clocked by virtual_io_clock)
Path Type : setup

Point                                                                     Incr      Path
----------------------------------------------------------------------------------------
clock virtual_io_clock (rise edge)                                       0.000     0.000
clock source latency                                                     0.000     0.000
input external delay                                                     0.000     0.000
z.inpad[0] (.input)                                                      0.000     0.000
$iopadmap$assignment2.z.I_PAD_$inp[0] (BIDIR_CELL)                       0.000     0.000
$iopadmap$assignment2.z.I_DAT[0] (BIDIR_CELL)                           10.958    10.958
a_LUT4_O.c_frag.TA2[0] (C_FRAG)                                          0.000    10.958
a_LUT4_O.c_frag.CZ[0] (C_FRAG)                                           1.705    12.663
$iopadmap$assignment2.f.O_DAT[0] (BIDIR_CELL)                            0.000    12.663
$iopadmap$assignment2.f.O_PAD_$out[0] (BIDIR_CELL)                       9.809    22.472
out:f.outpad[0] (.output)                                                0.000    22.472
data arrival time                                                                 22.472

clock virtual_io_clock (rise edge)                                       0.000     0.000
clock source latency                                                     0.000     0.000
clock uncertainty                                                        0.000     0.000
output external delay                                                    0.000     0.000
data required time                                                                 0.000
----------------------------------------------------------------------------------------
data required time                                                                 0.000
data arrival time                                                                -22.472
----------------------------------------------------------------------------------------
slack (VIOLATED)                                                                 -22.472


#End of timing report
