VPR FPGA Placement and Routing.
Version: 8.1.0-dev+dadca7ecf
Revision: v8.0.0-rc2-2894-gdadca7ecf
Compiled: 2020-10-14T15:08:54
Compiler: GNU 7.3.0 on Linux-4.15.0-1028-gcp x86_64
Build Info: Release IPO VTR_ASSERT_LEVEL=2

University of Toronto
verilogtorouting.org
vtr-users@googlegroups.com
This is free open source code under MIT license.

VPR was run with the following command-line:
vpr /home/srikala/qorc-sdk/fpga_toolchain_install/v1.3.1/quicklogic-arch-defs/share/arch/ql-eos-s3_wlcsp/arch.timing.xml sd.eblif --device ql-eos-s3 --max_router_iterations 500 --routing_failure_predictor off --router_high_fanout_threshold -1 --constant_net_method route --route_chan_width 100 --clock_modeling route --place_delay_model delta_override --router_lookahead map --check_route quick --strict_checks off --allow_dangling_combinational_nodes on --disable_errors check_unbuffered_edges:check_route --congested_routing_iteration_threshold 0.8 --incremental_reroute_delay_ripup off --base_cost_type delay_normalized_length_bounded --bb_factor 10 --initial_pres_fac 4.0 --check_rr_graph off --suppress_warnings ,sum_pin_class:check_unbuffered_edges:load_rr_indexed_data_T_values:check_rr_node:trans_per_R:check_route:set_rr_graph_tool_comment:warn_model_missing_timing --read_rr_graph /home/srikala/qorc-sdk/fpga_toolchain_install/v1.3.1/quicklogic-arch-defs/share/arch/ql-eos-s3_wlcsp/rr_graph_ql-eos-s3_wlcsp.rr_graph.real.bin --read_placement_delay_lookup /home/srikala/qorc-sdk/fpga_toolchain_install/v1.3.1/quicklogic-arch-defs/share/arch/ql-eos-s3_wlcsp/rr_graph_ql-eos-s3_wlcsp.place_delay.bin --sdc_file /home/srikala/qorc-sdk/fpga-examples/sd/build/sd_dummy.sdc --fix_clusters sd_constraints.place --place

Using up to 1 parallel worker(s)

Architecture file: /home/srikala/qorc-sdk/fpga_toolchain_install/v1.3.1/quicklogic-arch-defs/share/arch/ql-eos-s3_wlcsp/arch.timing.xml
Circuit name: sd

# Loading Architecture Description
# Loading Architecture Description took 0.32 seconds (max_rss 31.2 MiB, delta_rss +25.0 MiB)
# Building complex block graph
# Building complex block graph took 0.06 seconds (max_rss 39.9 MiB, delta_rss +8.7 MiB)
# Load circuit
# Load circuit took 0.01 seconds (max_rss 41.6 MiB, delta_rss +1.6 MiB)
# Clean circuit
Absorbed 999 LUT buffers
Inferred  106 additional primitive pins as constant generators since they have no combinationally connected inputs
Inferred   38 additional primitive pins as constant generators due to constant inputs
Inferred    0 additional primitive pins as constant generators since they have no combinationally connected inputs
Inferred    0 additional primitive pins as constant generators due to constant inputs
Inferred    0 additional primitive pins as constant generators since they have no combinationally connected inputs
Inferred    0 additional primitive pins as constant generators due to constant inputs
Swept input(s)      : 0
Swept output(s)     : 0 (0 dangling, 0 constant)
Swept net(s)        : 141
Swept block(s)      : 1
Constant Pins Marked: 144
# Clean circuit took 0.01 seconds (max_rss 43.2 MiB, delta_rss +1.6 MiB)
# Compress circuit
# Compress circuit took 0.00 seconds (max_rss 43.2 MiB, delta_rss +0.0 MiB)
# Verify circuit
# Verify circuit took 0.00 seconds (max_rss 43.2 MiB, delta_rss +0.0 MiB)
Circuit Statistics:
  Blocks: 152
    .input    :       1
    .output   :       9
    ASSP      :       1
    BIDIR_CELL:      10
    C_FRAG    :      13
    F_FRAG    :       1
    GND       :       1
    Q_FRAG    :      36
    T_FRAG    :      79
    VCC       :       1
  Nets  : 143
    Avg Fanout:     8.2
    Max Fanout:   526.0
    Min Fanout:     1.0
  Netlist Clocks: 2
# Build Timing Graph
Warning 1: Inferred implicit clock source clock_dffe_Q.QZ[0] for netlist clock $auto$clkbufmap.cc:247:execute$3008 (possibly data used as clock)
  Timing Graph Nodes: 1320
  Timing Graph Edges: 2101
  Timing Graph Levels: 24
# Build Timing Graph took 0.00 seconds (max_rss 43.2 MiB, delta_rss +0.0 MiB)
Netlist contains 2 clocks
  Netlist Clock '$auto$clkbufmap.cc:247:execute$3008' Fanout: 10 pins (0.8%), 10 blocks (6.6%)
  Netlist Clock 'clk' Fanout: 28 pins (2.1%), 28 blocks (18.4%)
# Load Timing Constraints

SDC file '/home/srikala/qorc-sdk/fpga-examples/sd/build/sd_dummy.sdc' contained no SDC commands
Setting default timing constraints:
   * constrain all primay inputs and primary outputs on a virtual external clock 'virtual_io_clock'
   * optimize all netlist and virtual clocks to run as fast as possible
   * ignore cross netlist clock domain timing paths
Timing constraints created 3 clocks
  Constrained Clock 'virtual_io_clock' (Virtual Clock)
  Constrained Clock '$auto$clkbufmap.cc:247:execute$3008' Source: 'clock_dffe_Q.QZ[0]'
  Constrained Clock 'clk' Source: 'u_qlal4s3b_cell_macro.Sys_Clk0[0]'

# Load Timing Constraints took 0.00 seconds (max_rss 43.2 MiB, delta_rss +0.0 MiB)
Timing analysis: ON
Circuit netlist file: sd.net
Circuit placement file: sd.place
Circuit routing file: sd.route
Circuit SDC file: /home/srikala/qorc-sdk/fpga-examples/sd/build/sd_dummy.sdc

Packer: ENABLED
Placer: ENABLED
Router: DISABLED
Analysis: DISABLED

NetlistOpts.abosrb_buffer_luts            : true
NetlistOpts.sweep_dangling_primary_ios    : true
NetlistOpts.sweep_dangling_nets           : true
NetlistOpts.sweep_dangling_blocks         : true
NetlistOpts.sweep_constant_primary_outputs: false
NetlistOpts.netlist_verbosity             : 1
NetlistOpts.const_gen_inference           : COMB_SEQ

PackerOpts.allow_unrelated_clustering: auto
PackerOpts.alpha_clustering: 0.750000
PackerOpts.beta_clustering: 0.900000
PackerOpts.cluster_seed_type: BLEND2
PackerOpts.connection_driven: true
PackerOpts.global_clocks: true
PackerOpts.hill_climbing_flag: false
PackerOpts.inter_cluster_net_delay: 1.000000
PackerOpts.timing_driven: true
PackerOpts.target_external_pin_util: auto

PlacerOpts.place_freq: PLACE_ONCE
PlacerOpts.place_algorithm: CRITICALITY_TIMING_PLACE
PlacerOpts.pad_loc_type: FREE
PlacerOpts.constraints_file: Using constraints file 'sd_constraints.place'
PlacerOpts.place_cost_exp: 1.000000
PlacerOpts.place_chan_width: 100
PlacerOpts.inner_loop_recompute_divider: 0
PlacerOpts.recompute_crit_iter: 1
PlacerOpts.timing_tradeoff: 0.500000
PlacerOpts.td_place_exp_first: 1.000000
PlacerOpts.td_place_exp_last: 8.000000
PlacerOpts.delay_offset: 0.000000
PlacerOpts.delay_ramp_delta_threshold: -1
PlacerOpts.delay_ramp_slope: 0.000000
PlacerOpts.tsu_rel_margin: 1.000000
PlacerOpts.tsu_abs_margin: 0.000000
PlacerOpts.post_place_timing_report_file: 
PlacerOpts.allowed_tiles_for_delay_model: 
PlacerOpts.delay_model_reducer: MIN
PlacerOpts.delay_model_type: DELTA_OVERRIDE
PlacerOpts.rlim_escape_fraction: 0.000000
PlacerOpts.move_stats_file: 
PlacerOpts.placement_saves_per_temperature: 0
PlacerOpts.effort_scaling: CIRCUIT
PlacerOpts.place_delta_delay_matrix_calculation_method: ASTAR_ROUTE
PlaceOpts.seed: 1
AnnealSched.type: AUTO_SCHED
AnnealSched.inner_num: 1.000000

RoutingArch.directionality: BI_DIRECTIONAL
RoutingArch.switch_block_type: WILTON
RoutingArch.Fs: 3

# Load Packing
Begin loading packed FPGA netlist file.
Netlist generated from file 'sd.net'.
Detected 2 constant generators (to see names run with higher pack verbosity)
Finished loading packed FPGA netlist file (took 0.025278 seconds).
# Load Packing took 0.03 seconds (max_rss 44.7 MiB, delta_rss +1.5 MiB)
Warning 2: Netlist contains 0 global net to non-global architecture pin connections
Warning 3: Logic block #64 ($false) has only 1 output pin '$false.GND0_GND[0]'. It may be a constant generator.
Warning 4: Logic block #65 ($true) has only 1 output pin '$true.VCC0_VCC[0]'. It may be a constant generator.

Netlist num_nets: 101
Netlist num_blocks: 66
Netlist EMPTY blocks: 0.
Netlist PB-SYN_GND blocks: 1.
Netlist PB-BIDIR blocks: 10.
Netlist PB-ASSP blocks: 1.
Netlist PB-LOGIC blocks: 53.
Netlist PB-SDIOMUX blocks: 0.
Netlist PB-MULT blocks: 0.
Netlist PB-GMUX blocks: 0.
Netlist PB-CLOCK blocks: 0.
Netlist PB-RAM blocks: 0.
Netlist PB-SYN_VCC blocks: 1.
Netlist inputs pins: 1
Netlist output pins: 29


Pb types usage...
  PB-SYN_GND        : 1
   GND              : 1
  PB-BIDIR          : 10
   BIDIR            : 10
    INPUT           : 1
     bidir          : 1
     inpad          : 1
    OUTPUT          : 9
     bidir          : 9
     outpad         : 9
  PB-ASSP           : 1
   ASSP             : 1
  PB-LOGIC          : 53
   LOGIC            : 53
    FRAGS           : 53
     c_frag_modes   : 53
      SINGLE        : 13
       c_frag       : 13
      SPLIT         : 40
       b_frag       : 40
       t_frag       : 39
     f_frag         : 1
     q_frag_modes   : 36
      INT           : 32
       q_frag       : 32
      EXT           : 4
       q_frag       : 4
  PB-SYN_VCC        : 1
   VCC              : 1

# Create Device
## Build Device Grid
FPGA sized to 39 x 35: 1365 grid tiles (ql-eos-s3)

Resource usage...
	Netlist
		1	blocks of type: PB-SYN_GND
	Architecture
		1	blocks of type: TL-SYN_GND
	Netlist
		10	blocks of type: PB-BIDIR
	Architecture
		32	blocks of type: TL-BIDIR
	Netlist
		1	blocks of type: PB-ASSP
	Architecture
		1	blocks of type: TL-ASSP
	Netlist
		53	blocks of type: PB-LOGIC
	Architecture
		891	blocks of type: TL-LOGIC
	Netlist
		0	blocks of type: PB-SDIOMUX
	Architecture
		14	blocks of type: TL-SDIOMUX
	Netlist
		0	blocks of type: PB-MULT
	Architecture
		2	blocks of type: TL-MULT
	Netlist
		0	blocks of type: PB-GMUX
	Architecture
		5	blocks of type: TL-GMUX
	Netlist
		0	blocks of type: PB-CLOCK
	Architecture
		5	blocks of type: TL-CLOCK
	Netlist
		0	blocks of type: PB-RAM
	Architecture
		4	blocks of type: TL-RAM
	Netlist
		1	blocks of type: PB-SYN_VCC
	Architecture
		1	blocks of type: TL-SYN_VCC

Device Utilization: 0.05 (target 1.00)
	Physical Tile TL-LOGIC:
	Block Utilization: 0.06 Logical Block: PB-LOGIC
	Physical Tile TL-RAM:
	Block Utilization: 0.00 Logical Block: PB-RAM
	Physical Tile TL-MULT:
	Block Utilization: 0.00 Logical Block: PB-MULT
	Physical Tile TL-BIDIR:
	Block Utilization: 0.31 Logical Block: PB-BIDIR
	Physical Tile TL-CLOCK:
	Block Utilization: 0.00 Logical Block: PB-CLOCK
	Physical Tile TL-SDIOMUX:
	Block Utilization: 0.00 Logical Block: PB-SDIOMUX
	Physical Tile TL-GMUX:
	Block Utilization: 0.00 Logical Block: PB-GMUX
	Physical Tile TL-ASSP:
	Block Utilization: 1.00 Logical Block: PB-ASSP
	Physical Tile TL-SYN_VCC:
	Block Utilization: 1.00 Logical Block: PB-SYN_VCC
	Physical Tile TL-SYN_GND:
	Block Utilization: 1.00 Logical Block: PB-SYN_GND

## Build Device Grid took 0.00 seconds (max_rss 44.8 MiB, delta_rss +0.0 MiB)
## Loading routing resource graph


## Loading routing resource graph took 0.46 seconds (max_rss 352.4 MiB, delta_rss +307.6 MiB)
  RR Graph Nodes: 1396446
  RR Graph Edges: 2337988
# Create Device took 0.92 seconds (max_rss 357.1 MiB, delta_rss +312.2 MiB)

# Computing router lookahead map
## Computing wire lookahead
Warning 5: Unable to find any sample location for segment CHANX type 'generic' (length 1)
Warning 6: Unable to find any sample location for segment CHANY type 'generic' (length 1)
Warning 7: Unable to find any sample location for segment CHANX type 'pad' (length 1)
Warning 8: Unable to find any sample location for segment CHANY type 'pad' (length 1)
## Computing wire lookahead took 15.64 seconds (max_rss 357.1 MiB, delta_rss +0.0 MiB)
## Computing src/opin lookahead
## Computing src/opin lookahead took 0.00 seconds (max_rss 357.1 MiB, delta_rss +0.0 MiB)
# Computing router lookahead map took 15.64 seconds (max_rss 357.1 MiB, delta_rss +0.0 MiB)
# Placement
## Computing placement delta delay look-up
  RR Graph Nodes: 1396446
  RR Graph Edges: 2337988
## Computing placement delta delay look-up took 0.49 seconds (max_rss 405.0 MiB, delta_rss +47.9 MiB)
Warning 9: CHANX place cost fac is 0 at 2 2
Warning 10: CHANX place cost fac is 0 at 34 34
Warning 11: CHANY place cost fac is 0 at 38 38
## Initial Placement
Reading sd_constraints.place.

Successfully read sd_constraints.place.

## Initial Placement took 0.00 seconds (max_rss 405.0 MiB, delta_rss +0.0 MiB)

There are 1096 point to point connections in this circuit.


BB estimate of min-dist (placement) wire length: 4640

Completed placement consistency check successfully.
Initial placement cost: 1 bb_cost: 6.85697 td_cost: 1.70494e-06
Initial placement estimated Critical Path Delay (CPD): 103.868 ns
Initial placement estimated setup Total Negative Slack (sTNS): -3149.34 ns
Initial placement estimated setup Worst Negative Slack (sWNS): -103.868 ns

Initial placement estimated setup slack histogram:
[   -1e-07: -9.5e-08)  6 ( 12.2%) |**************
[ -9.5e-08: -8.7e-08) 20 ( 40.8%) |************************************************
[ -8.7e-08: -7.8e-08)  0 (  0.0%) |
[ -7.8e-08:   -7e-08)  0 (  0.0%) |
[   -7e-08: -6.1e-08)  0 (  0.0%) |
[ -6.1e-08: -5.3e-08)  0 (  0.0%) |
[ -5.3e-08: -4.4e-08)  0 (  0.0%) |
[ -4.4e-08: -3.6e-08)  4 (  8.2%) |**********
[ -3.6e-08: -2.7e-08) 13 ( 26.5%) |*******************************
[ -2.7e-08: -1.9e-08)  6 ( 12.2%) |**************
Placement contains 0 placement macros involving 0 blocks (average macro size -nan)

Moves per temperature: 266
Warning 12: Starting t: 64 of 66 configurations accepted.

---- ------ ------- ------- ---------- ---------- ------- ---------- -------- ------- ------- ------ -------- --------- ------
Tnum   Time       T Av Cost Av BB Cost Av TD Cost     CPD       sTNS     sWNS Ac Rate Std Dev  R lim Crit Exp Tot Moves  Alpha
      (sec)                                          (ns)       (ns)     (ns)                                                 
---- ------ ------- ------- ---------- ---------- ------- ---------- -------- ------- ------- ------ -------- --------- ------
   1    0.0 2.8e-01   1.035       6.90 1.7176e-06  99.581  -3.19e+03  -99.581   0.917  0.0260   38.0     1.00       266  0.200
   2    0.0 2.6e-01   1.033       6.94 1.7456e-06 102.921  -2.96e+03 -102.921   0.925  0.0214   38.0     1.00       532  0.900
   3    0.0 2.3e-01   0.984       7.10 1.7175e-06 122.659  -3.65e+03 -122.659   0.936  0.0215   38.0     1.00       798  0.900
   4    0.0 2.1e-01   1.025       7.08 1.6985e-06 121.277  -3.74e+03 -121.277   0.940  0.0192   38.0     1.00      1064  0.900
   5    0.0 1.9e-01   0.949       6.89 1.6964e-06 111.929  -3.39e+03 -111.929   0.944  0.0322   38.0     1.00      1330  0.900
   6    0.0 1.7e-01   1.038       6.92 1.728e-06   98.823  -3.11e+03  -98.823   0.910  0.0188   38.0     1.00      1596  0.900
   7    0.0 1.5e-01   1.023       7.03 1.7303e-06 108.492  -3.33e+03 -108.492   0.914  0.0201   38.0     1.00      1862  0.900
   8    0.0 1.4e-01   1.014       6.89 1.6881e-06 108.439  -3.45e+03 -108.439   0.951  0.0468   38.0     1.00      2128  0.900
   9    0.0 1.2e-01   0.994       6.83 1.6986e-06 110.454  -3.28e+03 -110.454   0.940  0.0193   38.0     1.00      2394  0.900
  10    0.0 1.1e-01   1.021       6.85 1.7166e-06 110.001  -3.44e+03 -110.001   0.944  0.0188   38.0     1.00      2660  0.900
  11    0.0 9.9e-02   0.990       6.84 1.6471e-06 108.087  -3.27e+03 -108.087   0.914  0.0239   38.0     1.00      2926  0.900
  12    0.0 8.9e-02   0.986       7.02 1.6904e-06 112.104  -3.44e+03 -112.104   0.902  0.0220   38.0     1.00      3192  0.900
  13    0.0 8.0e-02   1.006       6.71 1.6262e-06 120.386  -3.46e+03 -120.386   0.880  0.0281   38.0     1.00      3458  0.900
  14    0.0 7.2e-02   0.998       6.91 1.6576e-06 118.923  -3.62e+03 -118.923   0.917  0.0295   38.0     1.00      3724  0.900
  15    0.0 6.5e-02   0.951       6.79 1.6747e-06 111.051  -3.37e+03 -111.051   0.921  0.0272   38.0     1.00      3990  0.900
  16    0.0 5.9e-02   0.976       6.65 1.6131e-06 115.437  -3.42e+03 -115.437   0.895  0.0188   38.0     1.00      4256  0.900
  17    0.0 5.3e-02   0.998       6.72 1.6926e-06  90.083  -2.95e+03  -90.083   0.880  0.0180   38.0     1.00      4522  0.900
  18    0.0 4.7e-02   1.014       6.96 1.7166e-06 100.421  -3.19e+03 -100.421   0.925  0.0357   38.0     1.00      4788  0.900
  19    0.0 4.3e-02   0.955       6.90 1.7193e-06 117.692  -3.62e+03 -117.692   0.868  0.0251   38.0     1.00      5054  0.900
  20    0.0 3.8e-02   0.977       6.99 1.63e-06   114.030  -3.61e+03 -114.030   0.895  0.0217   38.0     1.00      5320  0.900
  21    0.0 3.5e-02   1.017       6.75 1.67e-06   103.480  -3.21e+03 -103.480   0.861  0.0157   38.0     1.00      5586  0.900
  22    0.0 3.1e-02   0.977       6.87 1.6713e-06 110.742  -3.36e+03 -110.742   0.838  0.0215   38.0     1.00      5852  0.900
  23    0.0 2.8e-02   0.991       6.82 1.6777e-06 102.399  -3.15e+03 -102.399   0.831  0.0289   38.0     1.00      6118  0.900
  24    0.0 2.5e-02   0.984       6.54 1.5856e-06  99.811  -3.09e+03  -99.811   0.823  0.0190   38.0     1.00      6384  0.900
  25    0.0 2.3e-02   1.046       6.66 1.6345e-06  96.105  -2.96e+03  -96.105   0.820  0.0326   38.0     1.00      6650  0.900
  26    0.0 2.0e-02   1.012       6.49 1.5998e-06 101.747  -3.13e+03 -101.747   0.729  0.0307   38.0     1.00      6916  0.900
  27    0.0 1.9e-02   0.990       6.58 1.6367e-06  98.705  -2.99e+03  -98.705   0.812  0.0379   38.0     1.00      7182  0.950
  28    0.0 1.7e-02   1.002       6.41 1.5636e-06 100.447  -3.09e+03 -100.447   0.756  0.0152   38.0     1.00      7448  0.900
  29    0.0 1.7e-02   1.011       6.46 1.53e-06   113.200  -3.36e+03 -113.200   0.778  0.0198   38.0     1.00      7714  0.950
  30    0.0 1.6e-02   0.969       6.28 1.5454e-06 117.256  -3.48e+03 -117.256   0.778  0.0285   38.0     1.00      7980  0.950
  31    0.0 1.5e-02   1.061       6.45 1.5875e-06 104.769  -3.15e+03 -104.769   0.774  0.0356   38.0     1.00      8246  0.950
  32    0.0 1.4e-02   0.966       6.77 1.6384e-06 113.242   -3.2e+03 -113.242   0.752  0.0268   38.0     1.00      8512  0.950
  33    0.0 1.4e-02   1.017       6.51 1.6013e-06 101.955  -3.07e+03 -101.955   0.748  0.0198   38.0     1.00      8778  0.950
  34    0.0 1.3e-02   0.908       6.35 1.4978e-06 125.440  -3.67e+03 -125.440   0.714  0.0321   38.0     1.00      9044  0.950
  35    0.0 1.2e-02   1.027       6.51 1.5432e-06 105.331  -3.16e+03 -105.331   0.707  0.0335   38.0     1.00      9310  0.950
  36    0.0 1.2e-02   1.020       6.34 1.5368e-06 103.505  -3.13e+03 -103.505   0.662  0.0439   38.0     1.00      9576  0.950
  37    0.0 1.1e-02   0.960       6.43 1.4808e-06 121.342  -3.61e+03 -121.342   0.722  0.0147   38.0     1.00      9842  0.950
  38    0.0 1.0e-02   1.012       6.33 1.5717e-06  80.902  -2.84e+03  -80.902   0.662  0.0290   38.0     1.00     10108  0.950
  39    0.0 9.9e-03   0.965       5.88 1.4068e-06 104.302  -3.14e+03 -104.302   0.598  0.0322   38.0     1.00     10374  0.950
  40    0.0 9.4e-03   1.041       6.11 1.4856e-06  94.599  -2.74e+03  -94.599   0.628  0.0297   38.0     1.00     10640  0.950
  41    0.0 9.0e-03   0.955       5.93 1.3994e-06 104.779  -3.18e+03 -104.779   0.628  0.0187   38.0     1.00     10906  0.950
  42    0.0 8.5e-03   0.971       5.94 1.4223e-06 102.993  -3.14e+03 -102.993   0.579  0.0276   38.0     1.00     11172  0.950
  43    0.0 8.1e-03   1.003       5.87 1.3918e-06  99.851  -2.99e+03  -99.851   0.564  0.0319   38.0     1.00     11438  0.950
  44    0.0 7.7e-03   0.982       5.84 1.3814e-06 100.699  -2.97e+03 -100.699   0.560  0.0273   38.0     1.00     11704  0.950
  45    0.0 7.3e-03   1.044       6.23 1.5071e-06  96.604  -2.96e+03  -96.604   0.598  0.0260   38.0     1.00     11970  0.950
  46    0.0 6.9e-03   0.945       5.84 1.3932e-06 110.624  -3.21e+03 -110.624   0.511  0.0332   38.0     1.00     12236  0.950
  47    0.0 6.6e-03   0.990       5.63 1.4436e-06  96.153  -2.96e+03  -96.153   0.526  0.0247   38.0     1.00     12502  0.950
  48    0.0 6.3e-03   1.013       5.57 1.4212e-06  86.833  -2.71e+03  -86.833   0.470  0.0192   38.0     1.00     12768  0.950
  49    0.0 5.9e-03   1.019       5.71 1.3911e-06  85.784  -2.88e+03  -85.784   0.470  0.0119   38.0     1.00     13034  0.950
  50    0.0 5.6e-03   1.001       5.83 1.4642e-06  86.483  -2.71e+03  -86.483   0.481  0.0306   38.0     1.00     13300  0.950
  51    0.0 5.4e-03   1.000       5.70 1.357e-06  100.395  -3.06e+03 -100.395   0.447  0.0301   38.0     1.00     13566  0.950
  52    0.0 5.1e-03   0.999       5.35 1.3455e-06  91.215  -2.79e+03  -91.215   0.380  0.0186   38.0     1.00     13832  0.950
  53    0.0 4.8e-03   1.005       5.42 1.2426e-06  93.723  -2.66e+03  -93.723   0.391  0.0203   35.7     1.43     14098  0.950
  54    0.0 4.6e-03   0.985       5.31 1.1059e-06  90.615  -2.67e+03  -90.615   0.327  0.0218   34.0     1.76     14364  0.950
  55    0.0 4.4e-03   0.993       5.02 9.7243e-07  84.972  -2.63e+03  -84.972   0.293  0.0100   30.1     2.49     14630  0.950
  56    0.0 4.2e-03   0.988       4.98 7.8278e-07  86.879  -2.74e+03  -86.879   0.282  0.0138   25.7     3.33     14896  0.950
  57    0.0 3.9e-03   0.970       4.82 6.2028e-07  95.272  -2.85e+03  -95.272   0.346  0.0225   21.6     4.10     15162  0.950
  58    0.0 3.7e-03   0.998       4.79 7.3583e-07  74.510  -2.37e+03  -74.510   0.297  0.0129   19.6     4.48     15428  0.950
  59    0.0 3.6e-03   0.966       4.65 5.8158e-07  88.286   -2.7e+03  -88.286   0.248  0.0180   16.8     5.01     15694  0.950
  60    0.0 3.4e-03   0.976       4.56 5.8097e-07  72.088  -2.34e+03  -72.088   0.297  0.0118   13.6     5.62     15960  0.950
  61    0.0 3.2e-03   0.970       4.34 5.6225e-07  69.191  -2.26e+03  -69.191   0.259  0.0169   11.6     5.99     16226  0.950
  62    0.0 3.1e-03   0.983       4.19 5.008e-07   72.032  -2.36e+03  -72.032   0.271  0.0198    9.5     6.39     16492  0.950
  63    0.0 2.9e-03   0.986       4.19 5.2321e-07  69.160  -2.27e+03  -69.160   0.361  0.0151    7.9     6.69     16758  0.950
  64    0.0 2.8e-03   0.995       4.19 4.572e-07   73.051  -2.33e+03  -73.051   0.353  0.0072    7.3     6.81     17024  0.950
  65    0.0 2.6e-03   1.002       4.19 4.6971e-07  76.277  -2.49e+03  -76.277   0.387  0.0100    6.7     6.93     17290  0.950
  66    0.0 2.5e-03   0.972       4.06 5.2096e-07  69.905  -2.27e+03  -69.905   0.316  0.0109    6.3     7.00     17556  0.950
  67    0.0 2.4e-03   0.992       4.11 4.842e-07   68.730  -2.22e+03  -68.730   0.410  0.0129    5.5     7.14     17822  0.950
  68    0.0 2.2e-03   0.994       4.00 4.8428e-07  70.573  -2.27e+03  -70.573   0.361  0.0106    5.4     7.18     18088  0.950
  69    0.0 2.1e-03   0.984       4.06 5.2304e-07  63.749  -2.15e+03  -63.749   0.380  0.0075    4.9     7.26     18354  0.950
  70    0.0 2.0e-03   0.975       3.92 4.8985e-07  62.426  -2.05e+03  -62.426   0.380  0.0177    4.6     7.31     18620  0.950
  71    0.0 1.9e-03   0.985       3.80 4.7637e-07  60.805  -2.05e+03  -60.805   0.316  0.0094    4.4     7.36     18886  0.950
  72    0.0 1.8e-03   0.979       3.78 3.8513e-07  66.993  -2.16e+03  -66.993   0.346  0.0133    3.8     7.47     19152  0.950
  73    0.0 1.7e-03   0.998       3.67 4.335e-07   58.617  -1.96e+03  -58.617   0.301  0.0054    3.5     7.54     19418  0.950
  74    0.0 1.6e-03   0.992       3.67 4.3632e-07  60.794  -2.02e+03  -60.794   0.402  0.0066    3.0     7.63     19684  0.950
  75    0.0 1.6e-03   0.981       3.65 3.8718e-07  60.911  -1.97e+03  -60.911   0.368  0.0100    2.9     7.65     19950  0.950
  76    0.0 1.5e-03   0.988       3.60 4.0165e-07  58.445  -1.93e+03  -58.445   0.402  0.0075    2.7     7.69     20216  0.950
  77    0.0 1.4e-03   0.995       3.52 4.1029e-07  61.143     -2e+03  -61.143   0.338  0.0038    2.6     7.71     20482  0.950
  78    0.0 1.3e-03   0.992       3.54 4.3194e-07  57.446  -1.93e+03  -57.446   0.368  0.0038    2.3     7.75     20748  0.950
  79    0.0 1.3e-03   0.991       3.49 3.9627e-07  60.393  -2.02e+03  -60.393   0.346  0.0044    2.1     7.79     21014  0.950
  80    0.0 1.2e-03   0.989       3.47 3.983e-07   59.023  -1.92e+03  -59.023   0.414  0.0088    1.9     7.82     21280  0.950
  81    0.0 1.2e-03   0.993       3.39 4.2621e-07  57.464  -1.93e+03  -57.464   0.466  0.0046    1.9     7.83     21546  0.950
  82    0.0 1.1e-03   0.979       3.33 3.6611e-07  58.932  -1.92e+03  -58.932   0.320  0.0072    1.9     7.82     21812  0.950
  83    0.0 1.0e-03   0.988       3.33 4.5765e-07  51.944  -1.82e+03  -51.944   0.335  0.0069    1.7     7.87     22078  0.950
  84    0.0 9.9e-04   0.997       3.27 3.9941e-07  53.472  -1.83e+03  -53.472   0.267  0.0023    1.5     7.90     22344  0.950
  85    0.0 9.4e-04   0.991       3.28 3.8818e-07  53.883  -1.82e+03  -53.883   0.282  0.0054    1.3     7.95     22610  0.950
  86    0.0 8.9e-04   1.001       3.28 3.6918e-07  53.006  -1.81e+03  -53.006   0.278  0.0024    1.1     7.99     22876  0.950
  87    0.0 8.5e-04   0.995       3.29 3.7e-07     53.076  -1.78e+03  -53.076   0.229  0.0032    1.0     8.00     23142  0.950
  88    0.0 8.0e-04   0.987       3.24 3.8241e-07  54.761  -1.86e+03  -54.761   0.226  0.0051    1.0     8.00     23408  0.950
  89    0.0 7.6e-04   0.998       3.21 3.8518e-07  53.609   -1.8e+03  -53.609   0.237  0.0014    1.0     8.00     23674  0.950
  90    0.0 7.3e-04   0.995       3.23 3.9971e-07  54.233  -1.85e+03  -54.233   0.252  0.0035    1.0     8.00     23940  0.950
  91    0.0 6.9e-04   1.000       3.23 4.0942e-07  50.494  -1.78e+03  -50.494   0.177  0.0017    1.0     8.00     24206  0.950
  92    0.0 6.5e-04   0.999       3.24 3.7674e-07  52.364  -1.78e+03  -52.364   0.184  0.0017    1.0     8.00     24472  0.950
  93    0.0 6.2e-04   1.000       3.24 3.7899e-07  53.104  -1.81e+03  -53.104   0.173  0.0012    1.0     8.00     24738  0.950
  94    0.0 5.9e-04   0.989       3.22 3.6592e-07  53.915   -1.8e+03  -53.915   0.169  0.0060    1.0     8.00     25004  0.950
  95    0.0 5.6e-04   0.999       3.20 3.3786e-07  55.685  -1.82e+03  -55.685   0.184  0.0014    1.0     8.00     25270  0.950
  96    0.0 5.3e-04   0.993       3.18 3.766e-07   54.110  -1.78e+03  -54.110   0.147  0.0038    1.0     8.00     25536  0.950
  97    0.0 4.3e-04   0.993       3.17 3.734e-07   53.656   -1.8e+03  -53.656   0.102  0.0029    1.0     8.00     25802  0.800
  98    0.0 3.4e-04   0.996       3.15 3.6162e-07  54.022   -1.8e+03  -54.022   0.071  0.0024    1.0     8.00     26068  0.800
  99    0.0 2.7e-04   0.998       3.15 3.7678e-07  52.497  -1.78e+03  -52.497   0.102  0.0026    1.0     8.00     26334  0.800
 100    0.0 2.2e-04   1.000       3.14 3.9085e-07  52.915  -1.78e+03  -52.915   0.068  0.0010    1.0     8.00     26600  0.800
 101    0.0 1.7e-04   0.998       3.14 3.9616e-07  52.606  -1.78e+03  -52.606   0.075  0.0005    1.0     8.00     26866  0.800
 102    0.0 1.4e-04   0.998       3.13 3.9244e-07  53.638  -1.81e+03  -53.638   0.075  0.0005    1.0     8.00     27132  0.800
 103    0.0 1.1e-04   0.999       3.13 3.8989e-07  53.455  -1.79e+03  -53.455   0.038  0.0006    1.0     8.00     27398  0.800
 104    0.0 9.0e-05   0.998       3.13 3.9419e-07  52.901  -1.79e+03  -52.901   0.034  0.0009    1.0     8.00     27664  0.800
 105    0.0 7.2e-05   0.998       3.13 3.9391e-07  52.901  -1.79e+03  -52.901   0.034  0.0008    1.0     8.00     27930  0.800
 106    0.0 5.7e-05   0.998       3.12 3.6892e-07  53.081   -1.8e+03  -53.081   0.030  0.0006    1.0     8.00     28196  0.800
 107    0.0 0.0e+00   0.999       3.12 3.9056e-07  53.081  -1.79e+03  -53.081   0.015  0.0003    1.0     8.00     28462  0.800
## Placement Quench took 0.00 seconds (max_rss 405.0 MiB)

BB estimate of min-dist (placement) wire length: 2071

Completed placement consistency check successfully.

Swaps called: 28528

Aborted Move Reasons:
  No moves aborted

Placement estimated critical path delay (least slack): 53.081 ns
Placement estimated setup Worst Negative Slack (sWNS): -53.081 ns
Placement estimated setup Total Negative Slack (sTNS): -1791.91 ns

Placement estimated setup slack histogram:
[ -5.3e-08: -4.9e-08) 10 ( 20.4%) |******************************
[ -4.9e-08: -4.5e-08) 16 ( 32.7%) |************************************************
[ -4.5e-08: -4.2e-08)  0 (  0.0%) |
[ -4.2e-08: -3.8e-08)  0 (  0.0%) |
[ -3.8e-08: -3.4e-08)  0 (  0.0%) |
[ -3.4e-08:   -3e-08)  4 (  8.2%) |************
[   -3e-08: -2.6e-08)  3 (  6.1%) |*********
[ -2.6e-08: -2.2e-08)  2 (  4.1%) |******
[ -2.2e-08: -1.9e-08)  6 ( 12.2%) |******************
[ -1.9e-08: -1.5e-08)  8 ( 16.3%) |************************

Placement estimated intra-domain critical path delays (CPDs):
  $auto$clkbufmap.cc:247:execute$3008 to $auto$clkbufmap.cc:247:execute$3008 CPD: 17.1631 ns (58.2644 MHz)
  clk to clk CPD: 53.081 ns (18.8391 MHz)

Placement estimated inter-domain critical path delays (CPDs):
  $auto$clkbufmap.cc:247:execute$3008 to virtual_io_clock CPD: 28.5589 ns (35.0154 MHz)
  virtual_io_clock to $auto$clkbufmap.cc:247:execute$3008 CPD: 30.8534 ns (32.4114 MHz)

Placement estimated intra-domain worst setup slacks per constraint:
  $auto$clkbufmap.cc:247:execute$3008 to $auto$clkbufmap.cc:247:execute$3008 worst setup slack: -17.1631 ns
  clk to clk worst setup slack: -53.081 ns

Placement estimated inter-domain worst setup slacks per constraint:
  $auto$clkbufmap.cc:247:execute$3008 to virtual_io_clock worst setup slack: -28.5589 ns
  virtual_io_clock to $auto$clkbufmap.cc:247:execute$3008 worst setup slack: -30.8534 ns

Placement estimated geomean non-virtual intra-domain period: 30.1834 ns (33.1308 MHz)
Placement estimated fanout-weighted geomean non-virtual intra-domain period: 13.4845 ns (74.1593 MHz)

Placement cost: 0.998218, bb_cost: 3.12271, td_cost: 3.91994e-07, 

Placement resource usage:
  PB-SYN_GND implemented as TL-SYN_GND: 1
  PB-BIDIR   implemented as TL-BIDIR  : 10
  PB-ASSP    implemented as TL-ASSP   : 1
  PB-LOGIC   implemented as TL-LOGIC  : 53
  PB-SYN_VCC implemented as TL-SYN_VCC: 1

Placement number of temperatures: 107
Placement total # of swap attempts: 28528
	Swaps accepted: 14335 (50.2 %)
	Swaps rejected: 12707 (44.5 %)
	Swaps aborted :  1486 ( 5.2 %)
Placement Quench timing analysis took 0.000250753 seconds (0.000195022 STA, 5.5731e-05 slack) (1 full updates: 1 setup, 0 hold, 0 combined).
Placement Total  timing analysis took 0.0300791 seconds (0.023491 STA, 0.00658812 slack) (109 full updates: 109 setup, 0 hold, 0 combined).
update_td_costs: connections 0 nets 0 sum_nets 0 total 0
Incr Slack updates 109 in 0.00205824 sec
Full Max Req/Worst Slack updates 107 in 0.00055458 sec
Incr Max Req/Worst Slack updates 2 in 9.031e-06 sec
Incr Criticality updates 2 in 4.9044e-05 sec
Full Criticality updates 107 in 0.00333803 sec
# Placement took 0.59 seconds (max_rss 405.0 MiB, delta_rss +47.9 MiB)

Flow timing analysis took 0.0300791 seconds (0.023491 STA, 0.00658812 slack) (109 full updates: 109 setup, 0 hold, 0 combined).
VPR succeeded
The entire flow of VPR took 17.59 seconds (max_rss 405.0 MiB)
